[2024-11-30 14:33:05:2201] DEBUG 50378 --- [           main] s.w.s.m.m.a.RequestMappingHandlerMapping : 9 mappings in 'requestMappingHandlerMapping'
[2024-11-30 14:33:06:2414] DEBUG 50378 --- [           main] o.s.w.s.h.SimpleUrlHandlerMapping        : Patterns [/webjars/**, /**, /swagger-ui*/*swagger-initializer.js, /swagger-ui*/**] in 'resourceHandlerMapping'
[2024-11-30 14:33:06:2432] DEBUG 50378 --- [           main] s.w.s.m.m.a.RequestMappingHandlerAdapter : ControllerAdvice beans: 0 @ModelAttribute, 0 @InitBinder, 1 RequestBodyAdvice, 1 ResponseBodyAdvice
[2024-11-30 14:33:06:2456] DEBUG 50378 --- [           main] .m.m.a.ExceptionHandlerExceptionResolver : ControllerAdvice beans: 1 @ExceptionHandler, 1 ResponseBodyAdvice
[2024-11-30 14:36:44:220629] INFO  50378 --- [nio-8080-exec-1] o.s.web.servlet.DispatcherServlet        : Initializing Servlet 'dispatcherServlet'
[2024-11-30 14:36:44:220630] DEBUG 50378 --- [nio-8080-exec-1] o.s.web.servlet.DispatcherServlet        : Detected StandardServletMultipartResolver
[2024-11-30 14:36:44:220630] DEBUG 50378 --- [nio-8080-exec-1] o.s.web.servlet.DispatcherServlet        : Detected AcceptHeaderLocaleResolver
[2024-11-30 14:36:44:220630] DEBUG 50378 --- [nio-8080-exec-1] o.s.web.servlet.DispatcherServlet        : Detected FixedThemeResolver
[2024-11-30 14:36:44:220631] DEBUG 50378 --- [nio-8080-exec-1] o.s.web.servlet.DispatcherServlet        : Detected org.springframework.web.servlet.view.DefaultRequestToViewNameTranslator@17e725fb
[2024-11-30 14:36:44:220632] DEBUG 50378 --- [nio-8080-exec-1] o.s.web.servlet.DispatcherServlet        : Detected org.springframework.web.servlet.support.SessionFlashMapManager@12921ee1
[2024-11-30 14:36:44:220632] DEBUG 50378 --- [nio-8080-exec-1] o.s.web.servlet.DispatcherServlet        : enableLoggingRequestDetails='false': request parameters and headers will be masked to prevent unsafe logging of potentially sensitive data
[2024-11-30 14:36:44:220632] INFO  50378 --- [nio-8080-exec-1] o.s.web.servlet.DispatcherServlet        : Completed initialization in 3 ms
[2024-11-30 14:36:44:220638] DEBUG 50378 --- [nio-8080-exec-1] o.s.web.servlet.DispatcherServlet        : GET "/swagger-ui/index.html", parameters={}
[2024-11-30 14:36:44:220642] DEBUG 50378 --- [nio-8080-exec-1] o.s.w.s.h.SimpleUrlHandlerMapping        : Mapped to ResourceHttpRequestHandler [classpath [META-INF/resources/webjars/]]
[2024-11-30 14:36:44:220655] DEBUG 50378 --- [nio-8080-exec-1] o.s.web.servlet.DispatcherServlet        : Completed 304 NOT_MODIFIED
[2024-11-30 14:36:44:220672] DEBUG 50378 --- [nio-8080-exec-2] o.s.web.servlet.DispatcherServlet        : GET "/swagger-ui/swagger-ui-bundle.js", parameters={}
[2024-11-30 14:36:44:220672] DEBUG 50378 --- [nio-8080-exec-3] o.s.web.servlet.DispatcherServlet        : GET "/swagger-ui/swagger-ui.css", parameters={}
[2024-11-30 14:36:44:220672] DEBUG 50378 --- [nio-8080-exec-4] o.s.web.servlet.DispatcherServlet        : GET "/swagger-ui/swagger-initializer.js", parameters={}
[2024-11-30 14:36:44:220673] DEBUG 50378 --- [nio-8080-exec-4] o.s.w.s.h.SimpleUrlHandlerMapping        : Mapped to ResourceHttpRequestHandler [classpath [META-INF/resources/webjars/]]
[2024-11-30 14:36:44:220673] DEBUG 50378 --- [nio-8080-exec-2] o.s.w.s.h.SimpleUrlHandlerMapping        : Mapped to ResourceHttpRequestHandler [classpath [META-INF/resources/webjars/]]
[2024-11-30 14:36:44:220673] DEBUG 50378 --- [nio-8080-exec-6] o.s.web.servlet.DispatcherServlet        : GET "/swagger-ui/index.css", parameters={}
[2024-11-30 14:36:44:220673] DEBUG 50378 --- [nio-8080-exec-3] o.s.w.s.h.SimpleUrlHandlerMapping        : Mapped to ResourceHttpRequestHandler [classpath [META-INF/resources/webjars/]]
[2024-11-30 14:36:44:220673] DEBUG 50378 --- [nio-8080-exec-5] o.s.web.servlet.DispatcherServlet        : GET "/swagger-ui/swagger-ui-standalone-preset.js", parameters={}
[2024-11-30 14:36:44:220673] DEBUG 50378 --- [nio-8080-exec-5] o.s.w.s.h.SimpleUrlHandlerMapping        : Mapped to ResourceHttpRequestHandler [classpath [META-INF/resources/webjars/]]
[2024-11-30 14:36:44:220673] DEBUG 50378 --- [nio-8080-exec-6] o.s.w.s.h.SimpleUrlHandlerMapping        : Mapped to ResourceHttpRequestHandler [classpath [META-INF/resources/webjars/]]
[2024-11-30 14:36:44:220674] DEBUG 50378 --- [nio-8080-exec-3] o.s.web.servlet.DispatcherServlet        : Completed 304 NOT_MODIFIED
[2024-11-30 14:36:44:220674] DEBUG 50378 --- [nio-8080-exec-5] o.s.web.servlet.DispatcherServlet        : Completed 304 NOT_MODIFIED
[2024-11-30 14:36:44:220674] DEBUG 50378 --- [nio-8080-exec-6] o.s.web.servlet.DispatcherServlet        : Completed 304 NOT_MODIFIED
[2024-11-30 14:36:44:220689] DEBUG 50378 --- [nio-8080-exec-2] o.s.web.servlet.DispatcherServlet        : Completed 200 OK
[2024-11-30 14:36:44:220694] DEBUG 50378 --- [nio-8080-exec-4] o.s.web.servlet.DispatcherServlet        : Completed 200 OK
[2024-11-30 14:36:44:220898] DEBUG 50378 --- [nio-8080-exec-7] o.s.web.servlet.DispatcherServlet        : GET "/v3/api-docs/swagger-config", parameters={}
[2024-11-30 14:36:44:220907] DEBUG 50378 --- [nio-8080-exec-7] s.w.s.m.m.a.RequestMappingHandlerMapping : Mapped to org.springdoc.webmvc.ui.SwaggerConfigResource#openapiJson(HttpServletRequest)
[2024-11-30 14:36:44:220907] DEBUG 50378 --- [nio-8080-exec-8] o.s.web.servlet.DispatcherServlet        : GET "/swagger-ui/favicon-32x32.png", parameters={}
[2024-11-30 14:36:44:220908] DEBUG 50378 --- [nio-8080-exec-8] o.s.w.s.h.SimpleUrlHandlerMapping        : Mapped to ResourceHttpRequestHandler [classpath [META-INF/resources/webjars/]]
[2024-11-30 14:36:44:220909] DEBUG 50378 --- [nio-8080-exec-8] o.s.web.servlet.DispatcherServlet        : Completed 304 NOT_MODIFIED
[2024-11-30 14:36:44:220926] DEBUG 50378 --- [nio-8080-exec-7] m.m.a.RequestResponseBodyMethodProcessor : Using 'application/json', given [*/*] and supported [application/json]
[2024-11-30 14:36:44:220928] DEBUG 50378 --- [nio-8080-exec-7] m.m.a.RequestResponseBodyMethodProcessor : Writing [{configUrl=/v3/api-docs/swagger-config, oauth2RedirectUrl=http://localhost:8080/swagger-ui/oauth2-re (truncated)...]
[2024-11-30 14:36:44:220932] DEBUG 50378 --- [nio-8080-exec-7] o.s.web.servlet.DispatcherServlet        : Completed 200 OK
[2024-11-30 14:36:44:220951] DEBUG 50378 --- [nio-8080-exec-9] o.s.web.servlet.DispatcherServlet        : GET "/v3/api-docs", parameters={}
[2024-11-30 14:36:44:220969] DEBUG 50378 --- [nio-8080-exec-9] s.w.s.m.m.a.RequestMappingHandlerMapping : Mapped to org.springdoc.webmvc.api.OpenApiWebMvcResource#openapiJson(HttpServletRequest, String, Locale)
[2024-11-30 14:36:44:221210] DEBUG 50378 --- [nio-8080-exec-9] m.m.a.RequestResponseBodyMethodProcessor : Using 'application/json', given [application/json, */*] and supported [application/json]
[2024-11-30 14:36:44:221210] DEBUG 50378 --- [nio-8080-exec-9] m.m.a.RequestResponseBodyMethodProcessor : Writing ["{"openapi":"3.0.1","info":{"title":"Coupon API","description":"쿠폰 서비스","version":"v1.0.0"},"servers" (truncated)..."]
[2024-11-30 14:36:44:221211] DEBUG 50378 --- [nio-8080-exec-9] o.s.web.servlet.DispatcherServlet        : Completed 200 OK
[2024-11-30 14:48:21:2319] DEBUG 57922 --- [           main] s.w.s.m.m.a.RequestMappingHandlerMapping : 9 mappings in 'requestMappingHandlerMapping'
[2024-11-30 14:48:21:2533] DEBUG 57922 --- [           main] o.s.w.s.h.SimpleUrlHandlerMapping        : Patterns [/webjars/**, /**, /swagger-ui*/*swagger-initializer.js, /swagger-ui*/**] in 'resourceHandlerMapping'
[2024-11-30 14:48:21:2552] DEBUG 57922 --- [           main] s.w.s.m.m.a.RequestMappingHandlerAdapter : ControllerAdvice beans: 0 @ModelAttribute, 0 @InitBinder, 1 RequestBodyAdvice, 1 ResponseBodyAdvice
[2024-11-30 14:48:22:2577] DEBUG 57922 --- [           main] .m.m.a.ExceptionHandlerExceptionResolver : ControllerAdvice beans: 1 @ExceptionHandler, 1 ResponseBodyAdvice
[2024-11-30 14:48:28:9022] INFO  57922 --- [nio-8080-exec-2] o.s.web.servlet.DispatcherServlet        : Initializing Servlet 'dispatcherServlet'
[2024-11-30 14:48:28:9022] DEBUG 57922 --- [nio-8080-exec-2] o.s.web.servlet.DispatcherServlet        : Detected StandardServletMultipartResolver
[2024-11-30 14:48:28:9022] DEBUG 57922 --- [nio-8080-exec-2] o.s.web.servlet.DispatcherServlet        : Detected AcceptHeaderLocaleResolver
[2024-11-30 14:48:28:9022] DEBUG 57922 --- [nio-8080-exec-2] o.s.web.servlet.DispatcherServlet        : Detected FixedThemeResolver
[2024-11-30 14:48:28:9023] DEBUG 57922 --- [nio-8080-exec-2] o.s.web.servlet.DispatcherServlet        : Detected org.springframework.web.servlet.view.DefaultRequestToViewNameTranslator@1f8a1b
[2024-11-30 14:48:28:9023] DEBUG 57922 --- [nio-8080-exec-2] o.s.web.servlet.DispatcherServlet        : Detected org.springframework.web.servlet.support.SessionFlashMapManager@57657b96
[2024-11-30 14:48:28:9023] DEBUG 57922 --- [nio-8080-exec-2] o.s.web.servlet.DispatcherServlet        : enableLoggingRequestDetails='false': request parameters and headers will be masked to prevent unsafe logging of potentially sensitive data
[2024-11-30 14:48:28:9023] INFO  57922 --- [nio-8080-exec-2] o.s.web.servlet.DispatcherServlet        : Completed initialization in 1 ms
[2024-11-30 14:48:28:9027] DEBUG 57922 --- [nio-8080-exec-2] o.s.web.servlet.DispatcherServlet        : POST "/coupon/deactivate", parameters={}
[2024-11-30 14:48:28:9032] DEBUG 57922 --- [nio-8080-exec-2] s.w.s.m.m.a.RequestMappingHandlerMapping : Mapped to com.wemade.coupon.controller.CouponController#deactivateCoupons(String)
[2024-11-30 14:48:28:9044] DEBUG 57922 --- [nio-8080-exec-2] o.s.web.method.HandlerMethod             : Could not resolve parameter [0] in public org.springframework.http.ResponseEntity<java.lang.Void> com.wemade.coupon.controller.CouponController.deactivateCoupons(java.lang.String): Required request parameter 'topic' for method parameter type String is not present
[2024-11-30 14:48:28:9048] WARN  57922 --- [nio-8080-exec-2] .w.s.m.s.DefaultHandlerExceptionResolver : Resolved [org.springframework.web.bind.MissingServletRequestParameterException: Required request parameter 'topic' for method parameter type String is not present]
[2024-11-30 14:48:28:9049] DEBUG 57922 --- [nio-8080-exec-2] o.s.web.servlet.DispatcherServlet        : Completed 400 BAD_REQUEST
[2024-11-30 14:48:28:9059] DEBUG 57922 --- [nio-8080-exec-2] o.s.web.servlet.DispatcherServlet        : "ERROR" dispatch for POST "/error", parameters={}
[2024-11-30 14:48:28:9060] DEBUG 57922 --- [nio-8080-exec-2] s.w.s.m.m.a.RequestMappingHandlerMapping : Mapped to org.springframework.boot.autoconfigure.web.servlet.error.BasicErrorController#error(HttpServletRequest)
[2024-11-30 14:48:28:9071] DEBUG 57922 --- [nio-8080-exec-2] o.s.w.s.m.m.a.HttpEntityMethodProcessor  : Using 'application/json', given [*/*] and supported [application/json, application/*+json, application/yaml]
[2024-11-30 14:48:28:9073] DEBUG 57922 --- [nio-8080-exec-2] o.s.w.s.m.m.a.HttpEntityMethodProcessor  : Writing [{timestamp=Sat Nov 30 14:48:28 KST 2024, status=400, error=Bad Request, path=/coupon/deactivate}]
[2024-11-30 14:48:28:9092] DEBUG 57922 --- [nio-8080-exec-2] o.s.web.servlet.DispatcherServlet        : Exiting from "ERROR" dispatch, status 400
[2024-11-30 14:48:40:21259] DEBUG 57922 --- [nio-8080-exec-3] o.s.web.servlet.DispatcherServlet        : GET "/swagger-ui/swagger-initializer.js", parameters={}
[2024-11-30 14:48:40:21260] DEBUG 57922 --- [nio-8080-exec-3] o.s.w.s.h.SimpleUrlHandlerMapping        : Mapped to ResourceHttpRequestHandler [classpath [META-INF/resources/webjars/]]
[2024-11-30 14:48:40:21273] DEBUG 57922 --- [nio-8080-exec-3] o.s.web.servlet.DispatcherServlet        : Completed 200 OK
[2024-11-30 14:48:41:21589] DEBUG 57922 --- [nio-8080-exec-4] o.s.web.servlet.DispatcherServlet        : GET "/v3/api-docs/swagger-config", parameters={}
[2024-11-30 14:48:41:21593] DEBUG 57922 --- [nio-8080-exec-4] s.w.s.m.m.a.RequestMappingHandlerMapping : Mapped to org.springdoc.webmvc.ui.SwaggerConfigResource#openapiJson(HttpServletRequest)
[2024-11-30 14:48:41:21597] DEBUG 57922 --- [nio-8080-exec-4] m.m.a.RequestResponseBodyMethodProcessor : Using 'application/json', given [*/*] and supported [application/json]
[2024-11-30 14:48:41:21598] DEBUG 57922 --- [nio-8080-exec-4] m.m.a.RequestResponseBodyMethodProcessor : Writing [{configUrl=/v3/api-docs/swagger-config, oauth2RedirectUrl=http://localhost:8080/swagger-ui/oauth2-re (truncated)...]
[2024-11-30 14:48:41:21600] DEBUG 57922 --- [nio-8080-exec-4] o.s.web.servlet.DispatcherServlet        : Completed 200 OK
[2024-11-30 14:48:41:21611] DEBUG 57922 --- [nio-8080-exec-5] o.s.web.servlet.DispatcherServlet        : GET "/v3/api-docs", parameters={}
[2024-11-30 14:48:41:21612] DEBUG 57922 --- [nio-8080-exec-5] s.w.s.m.m.a.RequestMappingHandlerMapping : Mapped to org.springdoc.webmvc.api.OpenApiWebMvcResource#openapiJson(HttpServletRequest, String, Locale)
[2024-11-30 14:48:41:21841] DEBUG 57922 --- [nio-8080-exec-5] m.m.a.RequestResponseBodyMethodProcessor : Using 'application/json', given [application/json, */*] and supported [application/json]
[2024-11-30 14:48:41:21841] DEBUG 57922 --- [nio-8080-exec-5] m.m.a.RequestResponseBodyMethodProcessor : Writing ["{"openapi":"3.0.1","info":{"title":"Coupon API","description":"쿠폰 서비스","version":"v1.0.0"},"servers" (truncated)..."]
[2024-11-30 14:48:41:21843] DEBUG 57922 --- [nio-8080-exec-5] o.s.web.servlet.DispatcherServlet        : Completed 200 OK
[2024-11-30 14:48:47:27908] DEBUG 57922 --- [nio-8080-exec-6] o.s.web.servlet.DispatcherServlet        : POST "/coupon/deactivate?topic=%EC%9D%B4%EB%B2%A4%ED%8A%B8", parameters={masked}
[2024-11-30 14:48:47:27909] DEBUG 57922 --- [nio-8080-exec-6] s.w.s.m.m.a.RequestMappingHandlerMapping : Mapped to com.wemade.coupon.controller.CouponController#deactivateCoupons(String)
[2024-11-30 14:48:47:28078] DEBUG 57922 --- [nio-8080-exec-6] o.s.w.s.m.m.a.HttpEntityMethodProcessor  : Using 'application/json', given [*/*] and supported [application/json, application/*+json, application/yaml]
[2024-11-30 14:48:47:28078] DEBUG 57922 --- [nio-8080-exec-6] o.s.w.s.m.m.a.HttpEntityMethodProcessor  : Nothing to write: null body
[2024-11-30 14:48:47:28078] DEBUG 57922 --- [nio-8080-exec-6] o.s.web.servlet.DispatcherServlet        : Completed 200 OK
[2024-11-30 15:42:47:3268388] DEBUG 57922 --- [nio-8080-exec-9] o.s.web.servlet.DispatcherServlet        : POST "/coupon/deactivate", parameters={}
[2024-11-30 15:42:47:3268392] DEBUG 57922 --- [nio-8080-exec-9] s.w.s.m.m.a.RequestMappingHandlerMapping : Mapped to com.wemade.coupon.controller.CouponController#deactivateCoupons(String)
[2024-11-30 15:42:47:3268399] DEBUG 57922 --- [nio-8080-exec-9] o.s.web.method.HandlerMethod             : Could not resolve parameter [0] in public org.springframework.http.ResponseEntity<java.lang.Void> com.wemade.coupon.controller.CouponController.deactivateCoupons(java.lang.String): Required request parameter 'topic' for method parameter type String is not present
[2024-11-30 15:42:47:3268404] WARN  57922 --- [nio-8080-exec-9] .w.s.m.s.DefaultHandlerExceptionResolver : Resolved [org.springframework.web.bind.MissingServletRequestParameterException: Required request parameter 'topic' for method parameter type String is not present]
[2024-11-30 15:42:47:3268405] DEBUG 57922 --- [nio-8080-exec-9] o.s.web.servlet.DispatcherServlet        : Completed 400 BAD_REQUEST
[2024-11-30 15:42:47:3268405] DEBUG 57922 --- [nio-8080-exec-9] o.s.web.servlet.DispatcherServlet        : "ERROR" dispatch for POST "/error", parameters={}
[2024-11-30 15:42:47:3268405] DEBUG 57922 --- [nio-8080-exec-9] s.w.s.m.m.a.RequestMappingHandlerMapping : Mapped to org.springframework.boot.autoconfigure.web.servlet.error.BasicErrorController#error(HttpServletRequest)
[2024-11-30 15:42:47:3268406] DEBUG 57922 --- [nio-8080-exec-9] o.s.w.s.m.m.a.HttpEntityMethodProcessor  : Using 'application/json', given [*/*] and supported [application/json, application/*+json, application/yaml]
[2024-11-30 15:42:47:3268407] DEBUG 57922 --- [nio-8080-exec-9] o.s.w.s.m.m.a.HttpEntityMethodProcessor  : Writing [{timestamp=Sat Nov 30 15:42:47 KST 2024, status=400, error=Bad Request, path=/coupon/deactivate}]
[2024-11-30 15:42:47:3268408] DEBUG 57922 --- [nio-8080-exec-9] o.s.web.servlet.DispatcherServlet        : Exiting from "ERROR" dispatch, status 400
[2024-11-30 15:43:02:3282685] DEBUG 57922 --- [nio-8080-exec-1] o.s.web.servlet.DispatcherServlet        : POST "/coupon/deactivate", parameters={}
[2024-11-30 15:43:02:3282686] DEBUG 57922 --- [nio-8080-exec-1] s.w.s.m.m.a.RequestMappingHandlerMapping : Mapped to com.wemade.coupon.controller.CouponController#deactivateCoupons(String)
[2024-11-30 15:43:02:3282687] DEBUG 57922 --- [nio-8080-exec-1] o.s.web.method.HandlerMethod             : Could not resolve parameter [0] in public org.springframework.http.ResponseEntity<java.lang.Void> com.wemade.coupon.controller.CouponController.deactivateCoupons(java.lang.String): Required request parameter 'topic' for method parameter type String is not present
[2024-11-30 15:43:02:3282687] WARN  57922 --- [nio-8080-exec-1] .w.s.m.s.DefaultHandlerExceptionResolver : Resolved [org.springframework.web.bind.MissingServletRequestParameterException: Required request parameter 'topic' for method parameter type String is not present]
[2024-11-30 15:43:02:3282687] DEBUG 57922 --- [nio-8080-exec-1] o.s.web.servlet.DispatcherServlet        : Completed 400 BAD_REQUEST
[2024-11-30 15:43:02:3282688] DEBUG 57922 --- [nio-8080-exec-1] o.s.web.servlet.DispatcherServlet        : "ERROR" dispatch for POST "/error", parameters={}
[2024-11-30 15:43:02:3282688] DEBUG 57922 --- [nio-8080-exec-1] s.w.s.m.m.a.RequestMappingHandlerMapping : Mapped to org.springframework.boot.autoconfigure.web.servlet.error.BasicErrorController#error(HttpServletRequest)
[2024-11-30 15:43:02:3282689] DEBUG 57922 --- [nio-8080-exec-1] o.s.w.s.m.m.a.HttpEntityMethodProcessor  : Using 'application/json', given [*/*] and supported [application/json, application/*+json, application/yaml]
[2024-11-30 15:43:02:3282689] DEBUG 57922 --- [nio-8080-exec-1] o.s.w.s.m.m.a.HttpEntityMethodProcessor  : Writing [{timestamp=Sat Nov 30 15:43:02 KST 2024, status=400, error=Bad Request, path=/coupon/deactivate}]
[2024-11-30 15:43:02:3282690] DEBUG 57922 --- [nio-8080-exec-1] o.s.web.servlet.DispatcherServlet        : Exiting from "ERROR" dispatch, status 400
[2024-11-30 15:43:28:3308954] DEBUG 57922 --- [nio-8080-exec-3] o.s.web.servlet.DispatcherServlet        : POST "/coupon/deactivate?topic=%EC%9D%B4%EB%B2%A4%ED%8A%B8", parameters={masked}
[2024-11-30 15:43:28:3308955] DEBUG 57922 --- [nio-8080-exec-3] s.w.s.m.m.a.RequestMappingHandlerMapping : Mapped to com.wemade.coupon.controller.CouponController#deactivateCoupons(String)
[2024-11-30 15:43:28:3309002] DEBUG 57922 --- [nio-8080-exec-3] o.s.w.s.m.m.a.HttpEntityMethodProcessor  : Using 'application/json', given [*/*] and supported [application/json, application/*+json, application/yaml]
[2024-11-30 15:43:28:3309003] DEBUG 57922 --- [nio-8080-exec-3] o.s.w.s.m.m.a.HttpEntityMethodProcessor  : Nothing to write: null body
[2024-11-30 15:43:28:3309004] DEBUG 57922 --- [nio-8080-exec-3] o.s.web.servlet.DispatcherServlet        : Completed 200 OK
[2024-11-30 16:43:12:2291] DEBUG 13429 --- [           main] s.w.s.m.m.a.RequestMappingHandlerMapping : 9 mappings in 'requestMappingHandlerMapping'
[2024-11-30 16:43:12:2490] DEBUG 13429 --- [           main] o.s.w.s.h.SimpleUrlHandlerMapping        : Patterns [/webjars/**, /**, /swagger-ui*/*swagger-initializer.js, /swagger-ui*/**] in 'resourceHandlerMapping'
[2024-11-30 16:43:12:2509] DEBUG 13429 --- [           main] s.w.s.m.m.a.RequestMappingHandlerAdapter : ControllerAdvice beans: 0 @ModelAttribute, 0 @InitBinder, 1 RequestBodyAdvice, 1 ResponseBodyAdvice
[2024-11-30 16:43:12:2536] DEBUG 13429 --- [           main] .m.m.a.ExceptionHandlerExceptionResolver : ControllerAdvice beans: 1 @ExceptionHandler, 1 ResponseBodyAdvice
[2024-11-30 16:43:23:13137] INFO  13429 --- [nio-8080-exec-1] o.s.web.servlet.DispatcherServlet        : Initializing Servlet 'dispatcherServlet'
[2024-11-30 16:43:23:13137] DEBUG 13429 --- [nio-8080-exec-1] o.s.web.servlet.DispatcherServlet        : Detected StandardServletMultipartResolver
[2024-11-30 16:43:23:13137] DEBUG 13429 --- [nio-8080-exec-1] o.s.web.servlet.DispatcherServlet        : Detected AcceptHeaderLocaleResolver
[2024-11-30 16:43:23:13137] DEBUG 13429 --- [nio-8080-exec-1] o.s.web.servlet.DispatcherServlet        : Detected FixedThemeResolver
[2024-11-30 16:43:23:13138] DEBUG 13429 --- [nio-8080-exec-1] o.s.web.servlet.DispatcherServlet        : Detected org.springframework.web.servlet.view.DefaultRequestToViewNameTranslator@3db145f7
[2024-11-30 16:43:23:13138] DEBUG 13429 --- [nio-8080-exec-1] o.s.web.servlet.DispatcherServlet        : Detected org.springframework.web.servlet.support.SessionFlashMapManager@5955568
[2024-11-30 16:43:23:13139] DEBUG 13429 --- [nio-8080-exec-1] o.s.web.servlet.DispatcherServlet        : enableLoggingRequestDetails='false': request parameters and headers will be masked to prevent unsafe logging of potentially sensitive data
[2024-11-30 16:43:23:13139] INFO  13429 --- [nio-8080-exec-1] o.s.web.servlet.DispatcherServlet        : Completed initialization in 2 ms
[2024-11-30 16:43:23:13145] DEBUG 13429 --- [nio-8080-exec-1] o.s.web.servlet.DispatcherServlet        : GET "/swagger-ui/index.html", parameters={}
[2024-11-30 16:43:23:13150] DEBUG 13429 --- [nio-8080-exec-1] o.s.w.s.h.SimpleUrlHandlerMapping        : Mapped to ResourceHttpRequestHandler [classpath [META-INF/resources/webjars/]]
[2024-11-30 16:43:23:13164] DEBUG 13429 --- [nio-8080-exec-1] o.s.web.servlet.DispatcherServlet        : Completed 304 NOT_MODIFIED
[2024-11-30 16:43:23:13178] DEBUG 13429 --- [nio-8080-exec-2] o.s.web.servlet.DispatcherServlet        : GET "/swagger-ui/swagger-ui.css", parameters={}
[2024-11-30 16:43:23:13179] DEBUG 13429 --- [nio-8080-exec-2] o.s.w.s.h.SimpleUrlHandlerMapping        : Mapped to ResourceHttpRequestHandler [classpath [META-INF/resources/webjars/]]
[2024-11-30 16:43:23:13180] DEBUG 13429 --- [nio-8080-exec-3] o.s.web.servlet.DispatcherServlet        : GET "/swagger-ui/swagger-initializer.js", parameters={}
[2024-11-30 16:43:23:13180] DEBUG 13429 --- [nio-8080-exec-3] o.s.w.s.h.SimpleUrlHandlerMapping        : Mapped to ResourceHttpRequestHandler [classpath [META-INF/resources/webjars/]]
[2024-11-30 16:43:23:13181] DEBUG 13429 --- [nio-8080-exec-4] o.s.web.servlet.DispatcherServlet        : GET "/swagger-ui/index.css", parameters={}
[2024-11-30 16:43:23:13181] DEBUG 13429 --- [nio-8080-exec-6] o.s.web.servlet.DispatcherServlet        : GET "/swagger-ui/swagger-ui-standalone-preset.js", parameters={}
[2024-11-30 16:43:23:13181] DEBUG 13429 --- [nio-8080-exec-5] o.s.web.servlet.DispatcherServlet        : GET "/swagger-ui/swagger-ui-bundle.js", parameters={}
[2024-11-30 16:43:23:13181] DEBUG 13429 --- [nio-8080-exec-2] o.s.web.servlet.DispatcherServlet        : Completed 304 NOT_MODIFIED
[2024-11-30 16:43:23:13181] DEBUG 13429 --- [nio-8080-exec-4] o.s.w.s.h.SimpleUrlHandlerMapping        : Mapped to ResourceHttpRequestHandler [classpath [META-INF/resources/webjars/]]
[2024-11-30 16:43:23:13181] DEBUG 13429 --- [nio-8080-exec-5] o.s.w.s.h.SimpleUrlHandlerMapping        : Mapped to ResourceHttpRequestHandler [classpath [META-INF/resources/webjars/]]
[2024-11-30 16:43:23:13181] DEBUG 13429 --- [nio-8080-exec-6] o.s.w.s.h.SimpleUrlHandlerMapping        : Mapped to ResourceHttpRequestHandler [classpath [META-INF/resources/webjars/]]
[2024-11-30 16:43:23:13182] DEBUG 13429 --- [nio-8080-exec-4] o.s.web.servlet.DispatcherServlet        : Completed 304 NOT_MODIFIED
[2024-11-30 16:43:23:13182] DEBUG 13429 --- [nio-8080-exec-5] o.s.web.servlet.DispatcherServlet        : Completed 304 NOT_MODIFIED
[2024-11-30 16:43:23:13182] DEBUG 13429 --- [nio-8080-exec-6] o.s.web.servlet.DispatcherServlet        : Completed 304 NOT_MODIFIED
[2024-11-30 16:43:23:13201] DEBUG 13429 --- [nio-8080-exec-3] o.s.web.servlet.DispatcherServlet        : Completed 200 OK
[2024-11-30 16:43:23:13316] DEBUG 13429 --- [nio-8080-exec-7] o.s.web.servlet.DispatcherServlet        : GET "/v3/api-docs/swagger-config", parameters={}
[2024-11-30 16:43:23:13318] DEBUG 13429 --- [nio-8080-exec-7] s.w.s.m.m.a.RequestMappingHandlerMapping : Mapped to org.springdoc.webmvc.ui.SwaggerConfigResource#openapiJson(HttpServletRequest)
[2024-11-30 16:43:23:13340] DEBUG 13429 --- [nio-8080-exec-7] m.m.a.RequestResponseBodyMethodProcessor : Using 'application/json', given [*/*] and supported [application/json]
[2024-11-30 16:43:23:13341] DEBUG 13429 --- [nio-8080-exec-7] m.m.a.RequestResponseBodyMethodProcessor : Writing [{configUrl=/v3/api-docs/swagger-config, oauth2RedirectUrl=http://localhost:8080/swagger-ui/oauth2-re (truncated)...]
[2024-11-30 16:43:23:13345] DEBUG 13429 --- [nio-8080-exec-7] o.s.web.servlet.DispatcherServlet        : Completed 200 OK
[2024-11-30 16:43:23:13354] DEBUG 13429 --- [nio-8080-exec-8] o.s.web.servlet.DispatcherServlet        : GET "/v3/api-docs", parameters={}
[2024-11-30 16:43:23:13355] DEBUG 13429 --- [nio-8080-exec-8] s.w.s.m.m.a.RequestMappingHandlerMapping : Mapped to org.springdoc.webmvc.api.OpenApiWebMvcResource#openapiJson(HttpServletRequest, String, Locale)
[2024-11-30 16:43:23:13576] DEBUG 13429 --- [nio-8080-exec-8] m.m.a.RequestResponseBodyMethodProcessor : Using 'application/json', given [application/json, */*] and supported [application/json]
[2024-11-30 16:43:23:13576] DEBUG 13429 --- [nio-8080-exec-8] m.m.a.RequestResponseBodyMethodProcessor : Writing ["{"openapi":"3.0.1","info":{"title":"Coupon API","description":"쿠폰 서비스","version":"v1.0.0"},"servers" (truncated)..."]
[2024-11-30 16:43:23:13578] DEBUG 13429 --- [nio-8080-exec-8] o.s.web.servlet.DispatcherServlet        : Completed 200 OK
[2024-11-30 16:43:28:18074] DEBUG 13429 --- [nio-8080-exec-5] o.s.web.servlet.DispatcherServlet        : POST "/coupon/deactivate?topic=das", parameters={masked}
[2024-11-30 16:43:28:18074] DEBUG 13429 --- [nio-8080-exec-5] s.w.s.m.m.a.RequestMappingHandlerMapping : Mapped to com.wemade.coupon.controller.CouponController#deactivateCoupons(String)
[2024-11-30 16:43:28:18188] DEBUG 13429 --- [nio-8080-exec-5] o.s.web.servlet.DispatcherServlet        : Failed to complete request: java.lang.IllegalArgumentException: Topic not found.
[2024-11-30 16:43:28:18192] DEBUG 13429 --- [nio-8080-exec-5] o.s.web.servlet.DispatcherServlet        : "ERROR" dispatch for POST "/error?topic=das", parameters={masked}
[2024-11-30 16:43:28:18192] DEBUG 13429 --- [nio-8080-exec-5] s.w.s.m.m.a.RequestMappingHandlerMapping : Mapped to org.springframework.boot.autoconfigure.web.servlet.error.BasicErrorController#error(HttpServletRequest)
[2024-11-30 16:43:28:18195] DEBUG 13429 --- [nio-8080-exec-5] o.s.w.s.m.m.a.HttpEntityMethodProcessor  : Using 'application/json', given [*/*] and supported [application/json, application/*+json, application/yaml]
[2024-11-30 16:43:28:18195] DEBUG 13429 --- [nio-8080-exec-5] o.s.w.s.m.m.a.HttpEntityMethodProcessor  : Writing [{timestamp=Sat Nov 30 16:43:28 KST 2024, status=500, error=Internal Server Error, path=/coupon/deact (truncated)...]
[2024-11-30 16:43:28:18197] DEBUG 13429 --- [nio-8080-exec-5] o.s.web.servlet.DispatcherServlet        : Exiting from "ERROR" dispatch, status 500
[2024-11-30 16:52:50:580952] DEBUG 13429 --- [nio-8080-exec-6] o.s.web.servlet.DispatcherServlet        : POST "/coupon/deactivate?topic=das", parameters={masked}
[2024-11-30 16:52:50:580960] DEBUG 13429 --- [nio-8080-exec-6] s.w.s.m.m.a.RequestMappingHandlerMapping : Mapped to com.wemade.coupon.controller.CouponController#deactivateCoupons(String)
[2024-11-30 16:52:51:580994] DEBUG 13429 --- [nio-8080-exec-6] o.s.web.servlet.DispatcherServlet        : Failed to complete request: java.lang.IllegalArgumentException: Topic not found.
[2024-11-30 16:52:51:581009] DEBUG 13429 --- [nio-8080-exec-6] o.s.web.servlet.DispatcherServlet        : "ERROR" dispatch for POST "/error?topic=das", parameters={masked}
[2024-11-30 16:52:51:581009] DEBUG 13429 --- [nio-8080-exec-6] s.w.s.m.m.a.RequestMappingHandlerMapping : Mapped to org.springframework.boot.autoconfigure.web.servlet.error.BasicErrorController#error(HttpServletRequest)
[2024-11-30 16:52:51:581010] DEBUG 13429 --- [nio-8080-exec-6] o.s.w.s.m.m.a.HttpEntityMethodProcessor  : Using 'application/json', given [*/*] and supported [application/json, application/*+json, application/yaml]
[2024-11-30 16:52:51:581010] DEBUG 13429 --- [nio-8080-exec-6] o.s.w.s.m.m.a.HttpEntityMethodProcessor  : Writing [{timestamp=Sat Nov 30 16:52:51 KST 2024, status=500, error=Internal Server Error, path=/coupon/deact (truncated)...]
[2024-11-30 16:52:51:581011] DEBUG 13429 --- [nio-8080-exec-6] o.s.web.servlet.DispatcherServlet        : Exiting from "ERROR" dispatch, status 500
[2024-11-30 16:52:54:584187] DEBUG 13429 --- [nio-8080-exec-3] o.s.web.servlet.DispatcherServlet        : POST "/coupon/deactivate?topic=%EC%9D%B4%EB%B2%A4%ED%8A%B8", parameters={masked}
[2024-11-30 16:52:54:584188] DEBUG 13429 --- [nio-8080-exec-3] s.w.s.m.m.a.RequestMappingHandlerMapping : Mapped to com.wemade.coupon.controller.CouponController#deactivateCoupons(String)
[2024-11-30 16:52:54:584255] DEBUG 13429 --- [nio-8080-exec-3] o.s.w.s.m.m.a.HttpEntityMethodProcessor  : Using 'application/json', given [*/*] and supported [application/json, application/*+json, application/yaml]
[2024-11-30 16:52:54:584255] DEBUG 13429 --- [nio-8080-exec-3] o.s.w.s.m.m.a.HttpEntityMethodProcessor  : Nothing to write: null body
[2024-11-30 16:52:54:584255] DEBUG 13429 --- [nio-8080-exec-3] o.s.web.servlet.DispatcherServlet        : Completed 200 OK
