[2024-12-04 00:19:27:5148084] DEBUG 5088 --- [io-8080-exec-10] o.s.web.servlet.DispatcherServlet        : GET "/swagger-ui/index.html", parameters={}
[2024-12-04 00:19:27:5148097] DEBUG 5088 --- [io-8080-exec-10] o.s.w.s.h.SimpleUrlHandlerMapping        : Mapped to ResourceHttpRequestHandler [classpath [META-INF/resources/webjars/]]
[2024-12-04 00:19:27:5148099] DEBUG 5088 --- [io-8080-exec-10] o.s.web.servlet.DispatcherServlet        : Completed 304 NOT_MODIFIED
[2024-12-04 00:19:27:5148118] DEBUG 5088 --- [nio-8080-exec-2] o.s.web.servlet.DispatcherServlet        : GET "/swagger-ui/swagger-initializer.js", parameters={}
[2024-12-04 00:19:27:5148119] DEBUG 5088 --- [nio-8080-exec-2] o.s.w.s.h.SimpleUrlHandlerMapping        : Mapped to ResourceHttpRequestHandler [classpath [META-INF/resources/webjars/]]
[2024-12-04 00:19:27:5148121] DEBUG 5088 --- [nio-8080-exec-2] o.s.web.servlet.DispatcherServlet        : Completed 200 OK
[2024-12-04 00:19:27:5148249] DEBUG 5088 --- [nio-8080-exec-6] o.s.web.servlet.DispatcherServlet        : GET "/v3/api-docs/swagger-config", parameters={}
[2024-12-04 00:19:27:5148250] DEBUG 5088 --- [nio-8080-exec-6] s.w.s.m.m.a.RequestMappingHandlerMapping : Mapped to org.springdoc.webmvc.ui.SwaggerConfigResource#openapiJson(HttpServletRequest)
[2024-12-04 00:19:27:5148253] DEBUG 5088 --- [nio-8080-exec-6] m.m.a.RequestResponseBodyMethodProcessor : Using 'application/json', given [*/*] and supported [application/json]
[2024-12-04 00:19:27:5148253] DEBUG 5088 --- [nio-8080-exec-6] m.m.a.RequestResponseBodyMethodProcessor : Writing [{configUrl=/v3/api-docs/swagger-config, oauth2RedirectUrl=http://localhost:8080/swagger-ui/oauth2-re (truncated)...]
[2024-12-04 00:19:27:5148254] DEBUG 5088 --- [nio-8080-exec-6] o.s.web.servlet.DispatcherServlet        : Completed 200 OK
[2024-12-04 00:19:27:5148281] DEBUG 5088 --- [nio-8080-exec-1] o.s.web.servlet.DispatcherServlet        : GET "/v3/api-docs", parameters={}
[2024-12-04 00:19:27:5148289] DEBUG 5088 --- [nio-8080-exec-1] s.w.s.m.m.a.RequestMappingHandlerMapping : Mapped to org.springdoc.webmvc.api.OpenApiWebMvcResource#openapiJson(HttpServletRequest, String, Locale)
[2024-12-04 00:19:27:5148292] DEBUG 5088 --- [nio-8080-exec-1] m.m.a.RequestResponseBodyMethodProcessor : Using 'application/json', given [application/json, */*] and supported [application/json]
[2024-12-04 00:19:27:5148292] DEBUG 5088 --- [nio-8080-exec-1] m.m.a.RequestResponseBodyMethodProcessor : Writing ["{"openapi":"3.0.1","info":{"title":"Coupon API","description":"쿠폰 서비스","version":"v1.0.0"},"servers" (truncated)..."]
[2024-12-04 00:19:27:5148293] DEBUG 5088 --- [nio-8080-exec-1] o.s.web.servlet.DispatcherServlet        : Completed 200 OK
[2024-12-04 00:26:03:371] DEBUG 39542 --- [    Test worker] o.s.w.c.s.GenericWebApplicationContext   : Refreshing org.springframework.web.context.support.GenericWebApplicationContext@317e9c3c
[2024-12-04 00:26:05:2260] DEBUG 39542 --- [    Test worker] s.w.s.m.m.a.RequestMappingHandlerMapping : 9 mappings in 'requestMappingHandlerMapping'
[2024-12-04 00:26:06:2649] DEBUG 39542 --- [    Test worker] o.s.w.s.h.SimpleUrlHandlerMapping        : Patterns [/webjars/**, /**, /swagger-ui*/*swagger-initializer.js, /swagger-ui*/**] in 'resourceHandlerMapping'
[2024-12-04 00:26:06:2675] DEBUG 39542 --- [    Test worker] s.w.s.m.m.a.RequestMappingHandlerAdapter : ControllerAdvice beans: 0 @ModelAttribute, 0 @InitBinder, 1 RequestBodyAdvice, 1 ResponseBodyAdvice
[2024-12-04 00:26:06:2694] DEBUG 39542 --- [    Test worker] .m.m.a.ExceptionHandlerExceptionResolver : ControllerAdvice beans: 2 @ExceptionHandler, 1 ResponseBodyAdvice
[2024-12-04 00:26:06:3221] DEBUG 39542 --- [ionShutdownHook] o.s.w.c.s.GenericWebApplicationContext   : Closing org.springframework.web.context.support.GenericWebApplicationContext@317e9c3c, started on Wed Dec 04 00:26:03 KST 2024
[2024-12-04 00:28:01:366] DEBUG 40488 --- [    Test worker] o.s.w.c.s.GenericWebApplicationContext   : Refreshing org.springframework.web.context.support.GenericWebApplicationContext@317e9c3c
[2024-12-04 00:28:03:2247] DEBUG 40488 --- [    Test worker] s.w.s.m.m.a.RequestMappingHandlerMapping : 9 mappings in 'requestMappingHandlerMapping'
[2024-12-04 00:28:03:2603] DEBUG 40488 --- [    Test worker] o.s.w.s.h.SimpleUrlHandlerMapping        : Patterns [/webjars/**, /**, /swagger-ui*/*swagger-initializer.js, /swagger-ui*/**] in 'resourceHandlerMapping'
[2024-12-04 00:28:03:2626] DEBUG 40488 --- [    Test worker] s.w.s.m.m.a.RequestMappingHandlerAdapter : ControllerAdvice beans: 0 @ModelAttribute, 0 @InitBinder, 1 RequestBodyAdvice, 1 ResponseBodyAdvice
[2024-12-04 00:28:03:2646] DEBUG 40488 --- [    Test worker] .m.m.a.ExceptionHandlerExceptionResolver : ControllerAdvice beans: 2 @ExceptionHandler, 1 ResponseBodyAdvice
[2024-12-04 00:28:03:3165] DEBUG 40488 --- [ionShutdownHook] o.s.w.c.s.GenericWebApplicationContext   : Closing org.springframework.web.context.support.GenericWebApplicationContext@317e9c3c, started on Wed Dec 04 00:28:01 KST 2024
[2024-12-04 00:29:27:376] DEBUG 41173 --- [    Test worker] o.s.w.c.s.GenericWebApplicationContext   : Refreshing org.springframework.web.context.support.GenericWebApplicationContext@317e9c3c
[2024-12-04 00:29:29:2243] DEBUG 41173 --- [    Test worker] s.w.s.m.m.a.RequestMappingHandlerMapping : 9 mappings in 'requestMappingHandlerMapping'
[2024-12-04 00:29:30:2607] DEBUG 41173 --- [    Test worker] o.s.w.s.h.SimpleUrlHandlerMapping        : Patterns [/webjars/**, /**, /swagger-ui*/*swagger-initializer.js, /swagger-ui*/**] in 'resourceHandlerMapping'
[2024-12-04 00:29:30:2632] DEBUG 41173 --- [    Test worker] s.w.s.m.m.a.RequestMappingHandlerAdapter : ControllerAdvice beans: 0 @ModelAttribute, 0 @InitBinder, 1 RequestBodyAdvice, 1 ResponseBodyAdvice
[2024-12-04 00:29:30:2653] DEBUG 41173 --- [    Test worker] .m.m.a.ExceptionHandlerExceptionResolver : ControllerAdvice beans: 2 @ExceptionHandler, 1 ResponseBodyAdvice
[2024-12-04 00:29:30:3158] DEBUG 41173 --- [ionShutdownHook] o.s.w.c.s.GenericWebApplicationContext   : Closing org.springframework.web.context.support.GenericWebApplicationContext@317e9c3c, started on Wed Dec 04 00:29:27 KST 2024
[2024-12-04 00:29:48:367] DEBUG 41355 --- [    Test worker] o.s.w.c.s.GenericWebApplicationContext   : Refreshing org.springframework.web.context.support.GenericWebApplicationContext@317e9c3c
[2024-12-04 00:29:50:2204] DEBUG 41355 --- [    Test worker] s.w.s.m.m.a.RequestMappingHandlerMapping : 9 mappings in 'requestMappingHandlerMapping'
[2024-12-04 00:29:50:2567] DEBUG 41355 --- [    Test worker] o.s.w.s.h.SimpleUrlHandlerMapping        : Patterns [/webjars/**, /**, /swagger-ui*/*swagger-initializer.js, /swagger-ui*/**] in 'resourceHandlerMapping'
[2024-12-04 00:29:50:2592] DEBUG 41355 --- [    Test worker] s.w.s.m.m.a.RequestMappingHandlerAdapter : ControllerAdvice beans: 0 @ModelAttribute, 0 @InitBinder, 1 RequestBodyAdvice, 1 ResponseBodyAdvice
[2024-12-04 00:29:50:2612] DEBUG 41355 --- [    Test worker] .m.m.a.ExceptionHandlerExceptionResolver : ControllerAdvice beans: 2 @ExceptionHandler, 1 ResponseBodyAdvice
[2024-12-04 00:29:50:3104] DEBUG 41355 --- [ionShutdownHook] o.s.w.c.s.GenericWebApplicationContext   : Closing org.springframework.web.context.support.GenericWebApplicationContext@317e9c3c, started on Wed Dec 04 00:29:48 KST 2024
[2024-12-04 00:29:57:370] DEBUG 41447 --- [    Test worker] o.s.w.c.s.GenericWebApplicationContext   : Refreshing org.springframework.web.context.support.GenericWebApplicationContext@317e9c3c
[2024-12-04 00:29:59:2273] DEBUG 41447 --- [    Test worker] s.w.s.m.m.a.RequestMappingHandlerMapping : 9 mappings in 'requestMappingHandlerMapping'
[2024-12-04 00:30:00:2632] DEBUG 41447 --- [    Test worker] o.s.w.s.h.SimpleUrlHandlerMapping        : Patterns [/webjars/**, /**, /swagger-ui*/*swagger-initializer.js, /swagger-ui*/**] in 'resourceHandlerMapping'
[2024-12-04 00:30:00:2656] DEBUG 41447 --- [    Test worker] s.w.s.m.m.a.RequestMappingHandlerAdapter : ControllerAdvice beans: 0 @ModelAttribute, 0 @InitBinder, 1 RequestBodyAdvice, 1 ResponseBodyAdvice
[2024-12-04 00:30:00:2676] DEBUG 41447 --- [    Test worker] .m.m.a.ExceptionHandlerExceptionResolver : ControllerAdvice beans: 2 @ExceptionHandler, 1 ResponseBodyAdvice
[2024-12-04 00:30:00:3180] DEBUG 41447 --- [ionShutdownHook] o.s.w.c.s.GenericWebApplicationContext   : Closing org.springframework.web.context.support.GenericWebApplicationContext@317e9c3c, started on Wed Dec 04 00:29:57 KST 2024
[2024-12-04 00:30:57:355] DEBUG 41967 --- [    Test worker] o.s.w.c.s.GenericWebApplicationContext   : Refreshing org.springframework.web.context.support.GenericWebApplicationContext@317e9c3c
[2024-12-04 00:30:59:2162] DEBUG 41967 --- [    Test worker] s.w.s.m.m.a.RequestMappingHandlerMapping : 9 mappings in 'requestMappingHandlerMapping'
[2024-12-04 00:30:59:2537] DEBUG 41967 --- [    Test worker] o.s.w.s.h.SimpleUrlHandlerMapping        : Patterns [/webjars/**, /**, /swagger-ui*/*swagger-initializer.js, /swagger-ui*/**] in 'resourceHandlerMapping'
[2024-12-04 00:30:59:2561] DEBUG 41967 --- [    Test worker] s.w.s.m.m.a.RequestMappingHandlerAdapter : ControllerAdvice beans: 0 @ModelAttribute, 0 @InitBinder, 1 RequestBodyAdvice, 1 ResponseBodyAdvice
[2024-12-04 00:30:59:2580] DEBUG 41967 --- [    Test worker] .m.m.a.ExceptionHandlerExceptionResolver : ControllerAdvice beans: 2 @ExceptionHandler, 1 ResponseBodyAdvice
[2024-12-04 00:31:00:3091] DEBUG 41967 --- [ionShutdownHook] o.s.w.c.s.GenericWebApplicationContext   : Closing org.springframework.web.context.support.GenericWebApplicationContext@317e9c3c, started on Wed Dec 04 00:30:57 KST 2024
[2024-12-04 00:40:21:372] DEBUG 46529 --- [    Test worker] o.s.w.c.s.GenericWebApplicationContext   : Refreshing org.springframework.web.context.support.GenericWebApplicationContext@317e9c3c
[2024-12-04 00:40:23:2244] DEBUG 46529 --- [    Test worker] s.w.s.m.m.a.RequestMappingHandlerMapping : 9 mappings in 'requestMappingHandlerMapping'
[2024-12-04 00:40:24:2641] DEBUG 46529 --- [    Test worker] o.s.w.s.h.SimpleUrlHandlerMapping        : Patterns [/webjars/**, /**, /swagger-ui*/*swagger-initializer.js, /swagger-ui*/**] in 'resourceHandlerMapping'
[2024-12-04 00:40:24:2665] DEBUG 46529 --- [    Test worker] s.w.s.m.m.a.RequestMappingHandlerAdapter : ControllerAdvice beans: 0 @ModelAttribute, 0 @InitBinder, 1 RequestBodyAdvice, 1 ResponseBodyAdvice
[2024-12-04 00:40:24:2684] DEBUG 46529 --- [    Test worker] .m.m.a.ExceptionHandlerExceptionResolver : ControllerAdvice beans: 2 @ExceptionHandler, 1 ResponseBodyAdvice
[2024-12-04 00:40:24:3281] DEBUG 46529 --- [ionShutdownHook] o.s.w.c.s.GenericWebApplicationContext   : Closing org.springframework.web.context.support.GenericWebApplicationContext@317e9c3c, started on Wed Dec 04 00:40:21 KST 2024
[2024-12-04 00:43:36:359] DEBUG 48117 --- [    Test worker] o.s.w.c.s.GenericWebApplicationContext   : Refreshing org.springframework.web.context.support.GenericWebApplicationContext@317e9c3c
[2024-12-04 00:43:38:2190] DEBUG 48117 --- [    Test worker] s.w.s.m.m.a.RequestMappingHandlerMapping : 9 mappings in 'requestMappingHandlerMapping'
[2024-12-04 00:43:38:2575] DEBUG 48117 --- [    Test worker] o.s.w.s.h.SimpleUrlHandlerMapping        : Patterns [/webjars/**, /**, /swagger-ui*/*swagger-initializer.js, /swagger-ui*/**] in 'resourceHandlerMapping'
[2024-12-04 00:43:38:2599] DEBUG 48117 --- [    Test worker] s.w.s.m.m.a.RequestMappingHandlerAdapter : ControllerAdvice beans: 0 @ModelAttribute, 0 @InitBinder, 1 RequestBodyAdvice, 1 ResponseBodyAdvice
[2024-12-04 00:43:38:2619] DEBUG 48117 --- [    Test worker] .m.m.a.ExceptionHandlerExceptionResolver : ControllerAdvice beans: 2 @ExceptionHandler, 1 ResponseBodyAdvice
[2024-12-04 00:43:39:3222] DEBUG 48117 --- [ionShutdownHook] o.s.w.c.s.GenericWebApplicationContext   : Closing org.springframework.web.context.support.GenericWebApplicationContext@317e9c3c, started on Wed Dec 04 00:43:36 KST 2024
[2024-12-04 00:45:42:371] DEBUG 49131 --- [    Test worker] o.s.w.c.s.GenericWebApplicationContext   : Refreshing org.springframework.web.context.support.GenericWebApplicationContext@317e9c3c
[2024-12-04 00:45:44:2266] DEBUG 49131 --- [    Test worker] s.w.s.m.m.a.RequestMappingHandlerMapping : 9 mappings in 'requestMappingHandlerMapping'
[2024-12-04 00:45:44:2686] DEBUG 49131 --- [    Test worker] o.s.w.s.h.SimpleUrlHandlerMapping        : Patterns [/webjars/**, /**, /swagger-ui*/*swagger-initializer.js, /swagger-ui*/**] in 'resourceHandlerMapping'
[2024-12-04 00:45:44:2713] DEBUG 49131 --- [    Test worker] s.w.s.m.m.a.RequestMappingHandlerAdapter : ControllerAdvice beans: 0 @ModelAttribute, 0 @InitBinder, 1 RequestBodyAdvice, 1 ResponseBodyAdvice
[2024-12-04 00:45:44:2736] DEBUG 49131 --- [    Test worker] .m.m.a.ExceptionHandlerExceptionResolver : ControllerAdvice beans: 2 @ExceptionHandler, 1 ResponseBodyAdvice
[2024-12-04 00:45:45:3369] DEBUG 49131 --- [ionShutdownHook] o.s.w.c.s.GenericWebApplicationContext   : Closing org.springframework.web.context.support.GenericWebApplicationContext@317e9c3c, started on Wed Dec 04 00:45:42 KST 2024
[2024-12-04 00:49:06:380] DEBUG 50828 --- [    Test worker] o.s.w.c.s.GenericWebApplicationContext   : Refreshing org.springframework.web.context.support.GenericWebApplicationContext@317e9c3c
[2024-12-04 00:49:08:2316] DEBUG 50828 --- [    Test worker] s.w.s.m.m.a.RequestMappingHandlerMapping : 9 mappings in 'requestMappingHandlerMapping'
[2024-12-04 00:49:08:2719] DEBUG 50828 --- [    Test worker] o.s.w.s.h.SimpleUrlHandlerMapping        : Patterns [/webjars/**, /**, /swagger-ui*/*swagger-initializer.js, /swagger-ui*/**] in 'resourceHandlerMapping'
[2024-12-04 00:49:08:2745] DEBUG 50828 --- [    Test worker] s.w.s.m.m.a.RequestMappingHandlerAdapter : ControllerAdvice beans: 0 @ModelAttribute, 0 @InitBinder, 1 RequestBodyAdvice, 1 ResponseBodyAdvice
[2024-12-04 00:49:08:2768] DEBUG 50828 --- [    Test worker] .m.m.a.ExceptionHandlerExceptionResolver : ControllerAdvice beans: 2 @ExceptionHandler, 1 ResponseBodyAdvice
[2024-12-04 00:49:09:3402] DEBUG 50828 --- [ionShutdownHook] o.s.w.c.s.GenericWebApplicationContext   : Closing org.springframework.web.context.support.GenericWebApplicationContext@317e9c3c, started on Wed Dec 04 00:49:06 KST 2024
[2024-12-04 00:54:35:375] DEBUG 53448 --- [    Test worker] o.s.w.c.s.GenericWebApplicationContext   : Refreshing org.springframework.web.context.support.GenericWebApplicationContext@18da4dd
[2024-12-04 00:54:37:2274] DEBUG 53448 --- [    Test worker] s.w.s.m.m.a.RequestMappingHandlerMapping : 9 mappings in 'requestMappingHandlerMapping'
[2024-12-04 00:54:37:2658] DEBUG 53448 --- [    Test worker] o.s.w.s.h.SimpleUrlHandlerMapping        : Patterns [/webjars/**, /**, /swagger-ui*/*swagger-initializer.js, /swagger-ui*/**] in 'resourceHandlerMapping'
[2024-12-04 00:54:37:2684] DEBUG 53448 --- [    Test worker] s.w.s.m.m.a.RequestMappingHandlerAdapter : ControllerAdvice beans: 0 @ModelAttribute, 0 @InitBinder, 1 RequestBodyAdvice, 1 ResponseBodyAdvice
[2024-12-04 00:54:37:2707] DEBUG 53448 --- [    Test worker] .m.m.a.ExceptionHandlerExceptionResolver : ControllerAdvice beans: 2 @ExceptionHandler, 1 ResponseBodyAdvice
[2024-12-04 00:54:38:3325] DEBUG 53448 --- [ionShutdownHook] o.s.w.c.s.GenericWebApplicationContext   : Closing org.springframework.web.context.support.GenericWebApplicationContext@18da4dd, started on Wed Dec 04 00:54:35 KST 2024
[2024-12-04 00:54:48:368] DEBUG 53547 --- [    Test worker] o.s.w.c.s.GenericWebApplicationContext   : Refreshing org.springframework.web.context.support.GenericWebApplicationContext@317e9c3c
[2024-12-04 00:54:49:2227] DEBUG 53547 --- [    Test worker] s.w.s.m.m.a.RequestMappingHandlerMapping : 9 mappings in 'requestMappingHandlerMapping'
[2024-12-04 00:54:50:2592] DEBUG 53547 --- [    Test worker] o.s.w.s.h.SimpleUrlHandlerMapping        : Patterns [/webjars/**, /**, /swagger-ui*/*swagger-initializer.js, /swagger-ui*/**] in 'resourceHandlerMapping'
[2024-12-04 00:54:50:2616] DEBUG 53547 --- [    Test worker] s.w.s.m.m.a.RequestMappingHandlerAdapter : ControllerAdvice beans: 0 @ModelAttribute, 0 @InitBinder, 1 RequestBodyAdvice, 1 ResponseBodyAdvice
[2024-12-04 00:54:50:2636] DEBUG 53547 --- [    Test worker] .m.m.a.ExceptionHandlerExceptionResolver : ControllerAdvice beans: 2 @ExceptionHandler, 1 ResponseBodyAdvice
[2024-12-04 00:54:51:3263] DEBUG 53547 --- [ionShutdownHook] o.s.w.c.s.GenericWebApplicationContext   : Closing org.springframework.web.context.support.GenericWebApplicationContext@317e9c3c, started on Wed Dec 04 00:54:48 KST 2024
[2024-12-04 00:54:58:371] DEBUG 53637 --- [    Test worker] o.s.w.c.s.GenericWebApplicationContext   : Refreshing org.springframework.web.context.support.GenericWebApplicationContext@317e9c3c
[2024-12-04 00:55:00:2256] DEBUG 53637 --- [    Test worker] s.w.s.m.m.a.RequestMappingHandlerMapping : 9 mappings in 'requestMappingHandlerMapping'
[2024-12-04 00:55:00:2589] DEBUG 53637 --- [    Test worker] o.s.w.s.h.SimpleUrlHandlerMapping        : Patterns [/webjars/**, /**, /swagger-ui*/*swagger-initializer.js, /swagger-ui*/**] in 'resourceHandlerMapping'
[2024-12-04 00:55:00:2615] DEBUG 53637 --- [    Test worker] s.w.s.m.m.a.RequestMappingHandlerAdapter : ControllerAdvice beans: 0 @ModelAttribute, 0 @InitBinder, 1 RequestBodyAdvice, 1 ResponseBodyAdvice
[2024-12-04 00:55:00:2636] DEBUG 53637 --- [    Test worker] .m.m.a.ExceptionHandlerExceptionResolver : ControllerAdvice beans: 2 @ExceptionHandler, 1 ResponseBodyAdvice
[2024-12-04 00:55:01:3155] DEBUG 53637 --- [ionShutdownHook] o.s.w.c.s.GenericWebApplicationContext   : Closing org.springframework.web.context.support.GenericWebApplicationContext@317e9c3c, started on Wed Dec 04 00:54:58 KST 2024
[2024-12-04 00:57:16:368] DEBUG 54745 --- [    Test worker] o.s.w.c.s.GenericWebApplicationContext   : Refreshing org.springframework.web.context.support.GenericWebApplicationContext@317e9c3c
[2024-12-04 00:57:17:2225] DEBUG 54745 --- [    Test worker] s.w.s.m.m.a.RequestMappingHandlerMapping : 9 mappings in 'requestMappingHandlerMapping'
[2024-12-04 00:57:18:2620] DEBUG 54745 --- [    Test worker] o.s.w.s.h.SimpleUrlHandlerMapping        : Patterns [/webjars/**, /**, /swagger-ui*/*swagger-initializer.js, /swagger-ui*/**] in 'resourceHandlerMapping'
[2024-12-04 00:57:18:2646] DEBUG 54745 --- [    Test worker] s.w.s.m.m.a.RequestMappingHandlerAdapter : ControllerAdvice beans: 0 @ModelAttribute, 0 @InitBinder, 1 RequestBodyAdvice, 1 ResponseBodyAdvice
[2024-12-04 00:57:18:2666] DEBUG 54745 --- [    Test worker] .m.m.a.ExceptionHandlerExceptionResolver : ControllerAdvice beans: 2 @ExceptionHandler, 1 ResponseBodyAdvice
[2024-12-04 00:57:18:3182] DEBUG 54745 --- [ionShutdownHook] o.s.w.c.s.GenericWebApplicationContext   : Closing org.springframework.web.context.support.GenericWebApplicationContext@317e9c3c, started on Wed Dec 04 00:57:16 KST 2024
[2024-12-04 00:57:28:370] DEBUG 54841 --- [    Test worker] o.s.w.c.s.GenericWebApplicationContext   : Refreshing org.springframework.web.context.support.GenericWebApplicationContext@317e9c3c
[2024-12-04 00:57:30:2230] DEBUG 54841 --- [    Test worker] s.w.s.m.m.a.RequestMappingHandlerMapping : 9 mappings in 'requestMappingHandlerMapping'
[2024-12-04 00:57:30:2597] DEBUG 54841 --- [    Test worker] o.s.w.s.h.SimpleUrlHandlerMapping        : Patterns [/webjars/**, /**, /swagger-ui*/*swagger-initializer.js, /swagger-ui*/**] in 'resourceHandlerMapping'
[2024-12-04 00:57:30:2623] DEBUG 54841 --- [    Test worker] s.w.s.m.m.a.RequestMappingHandlerAdapter : ControllerAdvice beans: 0 @ModelAttribute, 0 @InitBinder, 1 RequestBodyAdvice, 1 ResponseBodyAdvice
[2024-12-04 00:57:30:2644] DEBUG 54841 --- [    Test worker] .m.m.a.ExceptionHandlerExceptionResolver : ControllerAdvice beans: 2 @ExceptionHandler, 1 ResponseBodyAdvice
[2024-12-04 00:57:30:3111] DEBUG 54841 --- [ionShutdownHook] o.s.w.c.s.GenericWebApplicationContext   : Closing org.springframework.web.context.support.GenericWebApplicationContext@317e9c3c, started on Wed Dec 04 00:57:28 KST 2024
[2024-12-04 00:58:08:354] DEBUG 55189 --- [    Test worker] o.s.w.c.s.GenericWebApplicationContext   : Refreshing org.springframework.web.context.support.GenericWebApplicationContext@317e9c3c
[2024-12-04 00:58:10:2213] DEBUG 55189 --- [    Test worker] s.w.s.m.m.a.RequestMappingHandlerMapping : 9 mappings in 'requestMappingHandlerMapping'
[2024-12-04 00:58:11:2580] DEBUG 55189 --- [    Test worker] o.s.w.s.h.SimpleUrlHandlerMapping        : Patterns [/webjars/**, /**, /swagger-ui*/*swagger-initializer.js, /swagger-ui*/**] in 'resourceHandlerMapping'
[2024-12-04 00:58:11:2603] DEBUG 55189 --- [    Test worker] s.w.s.m.m.a.RequestMappingHandlerAdapter : ControllerAdvice beans: 0 @ModelAttribute, 0 @InitBinder, 1 RequestBodyAdvice, 1 ResponseBodyAdvice
[2024-12-04 00:58:11:2621] DEBUG 55189 --- [    Test worker] .m.m.a.ExceptionHandlerExceptionResolver : ControllerAdvice beans: 2 @ExceptionHandler, 1 ResponseBodyAdvice
[2024-12-04 00:58:11:3123] DEBUG 55189 --- [ionShutdownHook] o.s.w.c.s.GenericWebApplicationContext   : Closing org.springframework.web.context.support.GenericWebApplicationContext@317e9c3c, started on Wed Dec 04 00:58:08 KST 2024
[2024-12-04 00:58:23:916] DEBUG 55360 --- [    Test worker] o.s.w.c.s.GenericWebApplicationContext   : Refreshing org.springframework.web.context.support.GenericWebApplicationContext@71904469
[2024-12-04 00:58:27:4910] DEBUG 55360 --- [    Test worker] s.w.s.m.m.a.RequestMappingHandlerMapping : 9 mappings in 'requestMappingHandlerMapping'
[2024-12-04 00:58:28:5406] DEBUG 55360 --- [    Test worker] o.s.w.s.h.SimpleUrlHandlerMapping        : Patterns [/webjars/**, /**, /swagger-ui*/*swagger-initializer.js, /swagger-ui*/**] in 'resourceHandlerMapping'
[2024-12-04 00:58:28:5469] DEBUG 55360 --- [    Test worker] s.w.s.m.m.a.RequestMappingHandlerAdapter : ControllerAdvice beans: 0 @ModelAttribute, 0 @InitBinder, 1 RequestBodyAdvice, 1 ResponseBodyAdvice
[2024-12-04 00:58:28:5515] DEBUG 55360 --- [    Test worker] .m.m.a.ExceptionHandlerExceptionResolver : ControllerAdvice beans: 2 @ExceptionHandler, 1 ResponseBodyAdvice
[2024-12-04 00:59:58:95910] DEBUG 55360 --- [ionShutdownHook] o.s.w.c.s.GenericWebApplicationContext   : Closing org.springframework.web.context.support.GenericWebApplicationContext@71904469, started on Wed Dec 04 00:58:23 KST 2024
[2024-12-04 01:00:05:908] DEBUG 56131 --- [    Test worker] o.s.w.c.s.GenericWebApplicationContext   : Refreshing org.springframework.web.context.support.GenericWebApplicationContext@71904469
[2024-12-04 01:00:08:4847] DEBUG 56131 --- [    Test worker] s.w.s.m.m.a.RequestMappingHandlerMapping : 9 mappings in 'requestMappingHandlerMapping'
[2024-12-04 01:00:09:5348] DEBUG 56131 --- [    Test worker] o.s.w.s.h.SimpleUrlHandlerMapping        : Patterns [/webjars/**, /**, /swagger-ui*/*swagger-initializer.js, /swagger-ui*/**] in 'resourceHandlerMapping'
[2024-12-04 01:00:09:5407] DEBUG 56131 --- [    Test worker] s.w.s.m.m.a.RequestMappingHandlerAdapter : ControllerAdvice beans: 0 @ModelAttribute, 0 @InitBinder, 1 RequestBodyAdvice, 1 ResponseBodyAdvice
[2024-12-04 01:00:09:5452] DEBUG 56131 --- [    Test worker] .m.m.a.ExceptionHandlerExceptionResolver : ControllerAdvice beans: 2 @ExceptionHandler, 1 ResponseBodyAdvice
[2024-12-04 01:00:14:10318] DEBUG 56131 --- [ionShutdownHook] o.s.w.c.s.GenericWebApplicationContext   : Closing org.springframework.web.context.support.GenericWebApplicationContext@71904469, started on Wed Dec 04 01:00:05 KST 2024
[2024-12-04 01:01:21:360] DEBUG 56809 --- [    Test worker] o.s.w.c.s.GenericWebApplicationContext   : Refreshing org.springframework.web.context.support.GenericWebApplicationContext@317e9c3c
[2024-12-04 01:01:23:2222] DEBUG 56809 --- [    Test worker] s.w.s.m.m.a.RequestMappingHandlerMapping : 9 mappings in 'requestMappingHandlerMapping'
[2024-12-04 01:01:23:2586] DEBUG 56809 --- [    Test worker] o.s.w.s.h.SimpleUrlHandlerMapping        : Patterns [/webjars/**, /**, /swagger-ui*/*swagger-initializer.js, /swagger-ui*/**] in 'resourceHandlerMapping'
[2024-12-04 01:01:23:2609] DEBUG 56809 --- [    Test worker] s.w.s.m.m.a.RequestMappingHandlerAdapter : ControllerAdvice beans: 0 @ModelAttribute, 0 @InitBinder, 1 RequestBodyAdvice, 1 ResponseBodyAdvice
[2024-12-04 01:01:23:2628] DEBUG 56809 --- [    Test worker] .m.m.a.ExceptionHandlerExceptionResolver : ControllerAdvice beans: 2 @ExceptionHandler, 1 ResponseBodyAdvice
[2024-12-04 01:01:24:3110] DEBUG 56809 --- [ionShutdownHook] o.s.w.c.s.GenericWebApplicationContext   : Closing org.springframework.web.context.support.GenericWebApplicationContext@317e9c3c, started on Wed Dec 04 01:01:21 KST 2024
[2024-12-04 01:01:26:357] DEBUG 56821 --- [    Test worker] o.s.w.c.s.GenericWebApplicationContext   : Refreshing org.springframework.web.context.support.GenericWebApplicationContext@317e9c3c
[2024-12-04 01:01:28:2206] DEBUG 56821 --- [    Test worker] s.w.s.m.m.a.RequestMappingHandlerMapping : 9 mappings in 'requestMappingHandlerMapping'
[2024-12-04 01:01:28:2624] DEBUG 56821 --- [    Test worker] o.s.w.s.h.SimpleUrlHandlerMapping        : Patterns [/webjars/**, /**, /swagger-ui*/*swagger-initializer.js, /swagger-ui*/**] in 'resourceHandlerMapping'
[2024-12-04 01:01:28:2647] DEBUG 56821 --- [    Test worker] s.w.s.m.m.a.RequestMappingHandlerAdapter : ControllerAdvice beans: 0 @ModelAttribute, 0 @InitBinder, 1 RequestBodyAdvice, 1 ResponseBodyAdvice
[2024-12-04 01:01:28:2666] DEBUG 56821 --- [    Test worker] .m.m.a.ExceptionHandlerExceptionResolver : ControllerAdvice beans: 2 @ExceptionHandler, 1 ResponseBodyAdvice
[2024-12-04 01:01:29:3258] DEBUG 56821 --- [ionShutdownHook] o.s.w.c.s.GenericWebApplicationContext   : Closing org.springframework.web.context.support.GenericWebApplicationContext@317e9c3c, started on Wed Dec 04 01:01:26 KST 2024
[2024-12-04 01:01:33:379] DEBUG 56909 --- [    Test worker] o.s.w.c.s.GenericWebApplicationContext   : Refreshing org.springframework.web.context.support.GenericWebApplicationContext@320a8ebf
[2024-12-04 01:01:35:2251] DEBUG 56909 --- [    Test worker] s.w.s.m.m.a.RequestMappingHandlerMapping : 9 mappings in 'requestMappingHandlerMapping'
[2024-12-04 01:01:35:2599] DEBUG 56909 --- [    Test worker] o.s.w.s.h.SimpleUrlHandlerMapping        : Patterns [/webjars/**, /**, /swagger-ui*/*swagger-initializer.js, /swagger-ui*/**] in 'resourceHandlerMapping'
[2024-12-04 01:01:35:2622] DEBUG 56909 --- [    Test worker] s.w.s.m.m.a.RequestMappingHandlerAdapter : ControllerAdvice beans: 0 @ModelAttribute, 0 @InitBinder, 1 RequestBodyAdvice, 1 ResponseBodyAdvice
[2024-12-04 01:01:35:2640] DEBUG 56909 --- [    Test worker] .m.m.a.ExceptionHandlerExceptionResolver : ControllerAdvice beans: 2 @ExceptionHandler, 1 ResponseBodyAdvice
[2024-12-04 01:01:36:3428] DEBUG 56909 --- [ionShutdownHook] o.s.w.c.s.GenericWebApplicationContext   : Closing org.springframework.web.context.support.GenericWebApplicationContext@320a8ebf, started on Wed Dec 04 01:01:33 KST 2024
[2024-12-04 01:08:58:381] DEBUG 60461 --- [    Test worker] o.s.w.c.s.GenericWebApplicationContext   : Refreshing org.springframework.web.context.support.GenericWebApplicationContext@317e9c3c
[2024-12-04 01:09:00:2341] DEBUG 60461 --- [    Test worker] s.w.s.m.m.a.RequestMappingHandlerMapping : 9 mappings in 'requestMappingHandlerMapping'
[2024-12-04 01:09:01:2750] DEBUG 60461 --- [    Test worker] o.s.w.s.h.SimpleUrlHandlerMapping        : Patterns [/webjars/**, /**, /swagger-ui*/*swagger-initializer.js, /swagger-ui*/**] in 'resourceHandlerMapping'
[2024-12-04 01:09:01:2773] DEBUG 60461 --- [    Test worker] s.w.s.m.m.a.RequestMappingHandlerAdapter : ControllerAdvice beans: 0 @ModelAttribute, 0 @InitBinder, 1 RequestBodyAdvice, 1 ResponseBodyAdvice
[2024-12-04 01:09:01:2793] DEBUG 60461 --- [    Test worker] .m.m.a.ExceptionHandlerExceptionResolver : ControllerAdvice beans: 2 @ExceptionHandler, 1 ResponseBodyAdvice
[2024-12-04 01:09:01:3396] DEBUG 60461 --- [ionShutdownHook] o.s.w.c.s.GenericWebApplicationContext   : Closing org.springframework.web.context.support.GenericWebApplicationContext@317e9c3c, started on Wed Dec 04 01:08:58 KST 2024
[2024-12-04 01:13:11:362] DEBUG 62546 --- [    Test worker] o.s.w.c.s.GenericWebApplicationContext   : Refreshing org.springframework.web.context.support.GenericWebApplicationContext@317e9c3c
[2024-12-04 01:13:12:2207] DEBUG 62546 --- [    Test worker] s.w.s.m.m.a.RequestMappingHandlerMapping : 9 mappings in 'requestMappingHandlerMapping'
[2024-12-04 01:13:13:2576] DEBUG 62546 --- [    Test worker] o.s.w.s.h.SimpleUrlHandlerMapping        : Patterns [/webjars/**, /**, /swagger-ui*/*swagger-initializer.js, /swagger-ui*/**] in 'resourceHandlerMapping'
[2024-12-04 01:13:13:2603] DEBUG 62546 --- [    Test worker] s.w.s.m.m.a.RequestMappingHandlerAdapter : ControllerAdvice beans: 0 @ModelAttribute, 0 @InitBinder, 1 RequestBodyAdvice, 1 ResponseBodyAdvice
[2024-12-04 01:13:13:2624] DEBUG 62546 --- [    Test worker] .m.m.a.ExceptionHandlerExceptionResolver : ControllerAdvice beans: 2 @ExceptionHandler, 1 ResponseBodyAdvice
[2024-12-04 01:13:13:3136] DEBUG 62546 --- [ionShutdownHook] o.s.w.c.s.GenericWebApplicationContext   : Closing org.springframework.web.context.support.GenericWebApplicationContext@317e9c3c, started on Wed Dec 04 01:13:11 KST 2024
[2024-12-04 01:13:47:2255] DEBUG 62892 --- [           main] s.w.s.m.m.a.RequestMappingHandlerMapping : 9 mappings in 'requestMappingHandlerMapping'
[2024-12-04 01:13:47:2454] DEBUG 62892 --- [           main] o.s.w.s.h.SimpleUrlHandlerMapping        : Patterns [/webjars/**, /**, /swagger-ui*/*swagger-initializer.js, /swagger-ui*/**] in 'resourceHandlerMapping'
[2024-12-04 01:13:47:2480] DEBUG 62892 --- [           main] s.w.s.m.m.a.RequestMappingHandlerAdapter : ControllerAdvice beans: 0 @ModelAttribute, 0 @InitBinder, 1 RequestBodyAdvice, 1 ResponseBodyAdvice
[2024-12-04 01:13:47:2501] DEBUG 62892 --- [           main] .m.m.a.ExceptionHandlerExceptionResolver : ControllerAdvice beans: 2 @ExceptionHandler, 1 ResponseBodyAdvice
[2024-12-04 01:13:49:8410756] DEBUG 5088 --- [nio-8080-exec-8] o.s.web.servlet.DispatcherServlet        : GET "/swagger-ui/swagger-initializer.js", parameters={}
[2024-12-04 01:13:49:8410757] DEBUG 5088 --- [nio-8080-exec-8] o.s.w.s.h.SimpleUrlHandlerMapping        : Mapped to ResourceHttpRequestHandler [classpath [META-INF/resources/webjars/]]
[2024-12-04 01:13:49:8410759] DEBUG 5088 --- [nio-8080-exec-8] o.s.web.servlet.DispatcherServlet        : Completed 200 OK
[2024-12-04 01:13:50:8411040] DEBUG 5088 --- [nio-8080-exec-7] o.s.web.servlet.DispatcherServlet        : GET "/v3/api-docs/swagger-config", parameters={}
[2024-12-04 01:13:50:8411040] DEBUG 5088 --- [nio-8080-exec-7] s.w.s.m.m.a.RequestMappingHandlerMapping : Mapped to org.springdoc.webmvc.ui.SwaggerConfigResource#openapiJson(HttpServletRequest)
[2024-12-04 01:13:50:8411041] DEBUG 5088 --- [nio-8080-exec-7] m.m.a.RequestResponseBodyMethodProcessor : Using 'application/json', given [*/*] and supported [application/json]
[2024-12-04 01:13:50:8411041] DEBUG 5088 --- [nio-8080-exec-7] m.m.a.RequestResponseBodyMethodProcessor : Writing [{configUrl=/v3/api-docs/swagger-config, oauth2RedirectUrl=http://localhost:8080/swagger-ui/oauth2-re (truncated)...]
[2024-12-04 01:13:50:8411042] DEBUG 5088 --- [nio-8080-exec-7] o.s.web.servlet.DispatcherServlet        : Completed 200 OK
[2024-12-04 01:13:50:8411052] DEBUG 5088 --- [nio-8080-exec-9] o.s.web.servlet.DispatcherServlet        : GET "/v3/api-docs", parameters={}
[2024-12-04 01:13:50:8411053] DEBUG 5088 --- [nio-8080-exec-9] s.w.s.m.m.a.RequestMappingHandlerMapping : Mapped to org.springdoc.webmvc.api.OpenApiWebMvcResource#openapiJson(HttpServletRequest, String, Locale)
[2024-12-04 01:13:50:8411055] DEBUG 5088 --- [nio-8080-exec-9] m.m.a.RequestResponseBodyMethodProcessor : Using 'application/json', given [application/json, */*] and supported [application/json]
[2024-12-04 01:13:50:8411055] DEBUG 5088 --- [nio-8080-exec-9] m.m.a.RequestResponseBodyMethodProcessor : Writing ["{"openapi":"3.0.1","info":{"title":"Coupon API","description":"쿠폰 서비스","version":"v1.0.0"},"servers" (truncated)..."]
[2024-12-04 01:13:50:8411056] DEBUG 5088 --- [nio-8080-exec-9] o.s.web.servlet.DispatcherServlet        : Completed 200 OK
[2024-12-04 01:13:52:8413928] DEBUG 5088 --- [nio-8080-exec-4] o.s.web.servlet.DispatcherServlet        : POST "/api/coupon/redeem", parameters={}
[2024-12-04 01:13:52:8413929] DEBUG 5088 --- [nio-8080-exec-4] s.w.s.m.m.a.RequestMappingHandlerMapping : Mapped to com.wemade.coupon.controller.CouponController#redeemCoupon(RedeemCouponRequestDto)
[2024-12-04 01:13:52:8413933] DEBUG 5088 --- [nio-8080-exec-4] m.m.a.RequestResponseBodyMethodProcessor : Read "application/json;charset=UTF-8" to [com.wemade.coupon.dto.request.RedeemCouponRequestDto@6e07635a]
[2024-12-04 01:13:52:8413959] DEBUG 5088 --- [nio-8080-exec-4] .m.m.a.ExceptionHandlerExceptionResolver : Using @ExceptionHandler com.wemade.coupon.errors.handler.GlobalExceptionHandler#handleApiException(RestApiException)
[2024-12-04 01:13:52:8413959] DEBUG 5088 --- [nio-8080-exec-4] o.s.w.s.m.m.a.HttpEntityMethodProcessor  : Using 'application/json', given [*/*] and supported [application/json, application/*+json]
[2024-12-04 01:13:52:8413960] DEBUG 5088 --- [nio-8080-exec-4] o.s.w.s.m.m.a.HttpEntityMethodProcessor  : Writing [com.wemade.coupon.errors.response.ErrorResponse@57ab8d10]
[2024-12-04 01:13:52:8413960] DEBUG 5088 --- [nio-8080-exec-4] .m.m.a.ExceptionHandlerExceptionResolver : Resolved [com.wemade.coupon.errors.exception.RestApiException]
[2024-12-04 01:13:52:8413960] DEBUG 5088 --- [nio-8080-exec-4] o.s.web.servlet.DispatcherServlet        : Completed 400 BAD_REQUEST
[2024-12-04 01:17:06:377] DEBUG 64508 --- [    Test worker] o.s.w.c.s.GenericWebApplicationContext   : Refreshing org.springframework.web.context.support.GenericWebApplicationContext@317e9c3c
[2024-12-04 01:17:08:2273] DEBUG 64508 --- [    Test worker] s.w.s.m.m.a.RequestMappingHandlerMapping : 9 mappings in 'requestMappingHandlerMapping'
[2024-12-04 01:17:08:2674] DEBUG 64508 --- [    Test worker] o.s.w.s.h.SimpleUrlHandlerMapping        : Patterns [/webjars/**, /**, /swagger-ui*/*swagger-initializer.js, /swagger-ui*/**] in 'resourceHandlerMapping'
[2024-12-04 01:17:08:2697] DEBUG 64508 --- [    Test worker] s.w.s.m.m.a.RequestMappingHandlerAdapter : ControllerAdvice beans: 0 @ModelAttribute, 0 @InitBinder, 1 RequestBodyAdvice, 1 ResponseBodyAdvice
[2024-12-04 01:17:08:2721] DEBUG 64508 --- [    Test worker] .m.m.a.ExceptionHandlerExceptionResolver : ControllerAdvice beans: 2 @ExceptionHandler, 1 ResponseBodyAdvice
[2024-12-04 01:17:09:3284] DEBUG 64508 --- [ionShutdownHook] o.s.w.c.s.GenericWebApplicationContext   : Closing org.springframework.web.context.support.GenericWebApplicationContext@317e9c3c, started on Wed Dec 04 01:17:06 KST 2024
[2024-12-04 01:17:22:363] DEBUG 64604 --- [    Test worker] o.s.w.c.s.GenericWebApplicationContext   : Refreshing org.springframework.web.context.support.GenericWebApplicationContext@317e9c3c
[2024-12-04 01:17:24:2258] DEBUG 64604 --- [    Test worker] s.w.s.m.m.a.RequestMappingHandlerMapping : 9 mappings in 'requestMappingHandlerMapping'
[2024-12-04 01:17:24:2636] DEBUG 64604 --- [    Test worker] o.s.w.s.h.SimpleUrlHandlerMapping        : Patterns [/webjars/**, /**, /swagger-ui*/*swagger-initializer.js, /swagger-ui*/**] in 'resourceHandlerMapping'
[2024-12-04 01:17:24:2661] DEBUG 64604 --- [    Test worker] s.w.s.m.m.a.RequestMappingHandlerAdapter : ControllerAdvice beans: 0 @ModelAttribute, 0 @InitBinder, 1 RequestBodyAdvice, 1 ResponseBodyAdvice
[2024-12-04 01:17:24:2681] DEBUG 64604 --- [    Test worker] .m.m.a.ExceptionHandlerExceptionResolver : ControllerAdvice beans: 2 @ExceptionHandler, 1 ResponseBodyAdvice
[2024-12-04 01:17:25:3255] DEBUG 64604 --- [ionShutdownHook] o.s.w.c.s.GenericWebApplicationContext   : Closing org.springframework.web.context.support.GenericWebApplicationContext@317e9c3c, started on Wed Dec 04 01:17:22 KST 2024
[2024-12-04 01:21:12:360] DEBUG 66493 --- [    Test worker] o.s.w.c.s.GenericWebApplicationContext   : Refreshing org.springframework.web.context.support.GenericWebApplicationContext@317e9c3c
[2024-12-04 01:21:14:2220] DEBUG 66493 --- [    Test worker] s.w.s.m.m.a.RequestMappingHandlerMapping : 9 mappings in 'requestMappingHandlerMapping'
[2024-12-04 01:21:15:2580] DEBUG 66493 --- [    Test worker] o.s.w.s.h.SimpleUrlHandlerMapping        : Patterns [/webjars/**, /**, /swagger-ui*/*swagger-initializer.js, /swagger-ui*/**] in 'resourceHandlerMapping'
[2024-12-04 01:21:15:2605] DEBUG 66493 --- [    Test worker] s.w.s.m.m.a.RequestMappingHandlerAdapter : ControllerAdvice beans: 0 @ModelAttribute, 0 @InitBinder, 1 RequestBodyAdvice, 1 ResponseBodyAdvice
[2024-12-04 01:21:15:2626] DEBUG 66493 --- [    Test worker] .m.m.a.ExceptionHandlerExceptionResolver : ControllerAdvice beans: 2 @ExceptionHandler, 1 ResponseBodyAdvice
[2024-12-04 01:21:15:3101] DEBUG 66493 --- [ionShutdownHook] o.s.w.c.s.GenericWebApplicationContext   : Closing org.springframework.web.context.support.GenericWebApplicationContext@317e9c3c, started on Wed Dec 04 01:21:12 KST 2024
[2024-12-04 01:28:55:380] DEBUG 70200 --- [    Test worker] o.s.w.c.s.GenericWebApplicationContext   : Refreshing org.springframework.web.context.support.GenericWebApplicationContext@5b22d8a1
[2024-12-04 01:28:57:2243] DEBUG 70200 --- [    Test worker] s.w.s.m.m.a.RequestMappingHandlerMapping : 9 mappings in 'requestMappingHandlerMapping'
[2024-12-04 01:28:58:2625] DEBUG 70200 --- [    Test worker] o.s.w.s.h.SimpleUrlHandlerMapping        : Patterns [/webjars/**, /**, /swagger-ui*/*swagger-initializer.js, /swagger-ui*/**] in 'resourceHandlerMapping'
[2024-12-04 01:28:58:2648] DEBUG 70200 --- [    Test worker] s.w.s.m.m.a.RequestMappingHandlerAdapter : ControllerAdvice beans: 0 @ModelAttribute, 0 @InitBinder, 1 RequestBodyAdvice, 1 ResponseBodyAdvice
[2024-12-04 01:28:58:2669] DEBUG 70200 --- [    Test worker] .m.m.a.ExceptionHandlerExceptionResolver : ControllerAdvice beans: 2 @ExceptionHandler, 1 ResponseBodyAdvice
[2024-12-04 01:28:58:3262] DEBUG 70200 --- [ionShutdownHook] o.s.w.c.s.GenericWebApplicationContext   : Closing org.springframework.web.context.support.GenericWebApplicationContext@5b22d8a1, started on Wed Dec 04 01:28:55 KST 2024
[2024-12-04 01:30:14:360] DEBUG 70882 --- [    Test worker] o.s.w.c.s.GenericWebApplicationContext   : Refreshing org.springframework.web.context.support.GenericWebApplicationContext@5b22d8a1
[2024-12-04 01:30:15:2210] DEBUG 70882 --- [    Test worker] s.w.s.m.m.a.RequestMappingHandlerMapping : 9 mappings in 'requestMappingHandlerMapping'
[2024-12-04 01:30:16:2602] DEBUG 70882 --- [    Test worker] o.s.w.s.h.SimpleUrlHandlerMapping        : Patterns [/webjars/**, /**, /swagger-ui*/*swagger-initializer.js, /swagger-ui*/**] in 'resourceHandlerMapping'
[2024-12-04 01:30:16:2628] DEBUG 70882 --- [    Test worker] s.w.s.m.m.a.RequestMappingHandlerAdapter : ControllerAdvice beans: 0 @ModelAttribute, 0 @InitBinder, 1 RequestBodyAdvice, 1 ResponseBodyAdvice
[2024-12-04 01:30:16:2648] DEBUG 70882 --- [    Test worker] .m.m.a.ExceptionHandlerExceptionResolver : ControllerAdvice beans: 2 @ExceptionHandler, 1 ResponseBodyAdvice
[2024-12-04 01:30:16:3188] DEBUG 70882 --- [ionShutdownHook] o.s.w.c.s.GenericWebApplicationContext   : Closing org.springframework.web.context.support.GenericWebApplicationContext@5b22d8a1, started on Wed Dec 04 01:30:14 KST 2024
[2024-12-04 01:52:38:370] DEBUG 82001 --- [    Test worker] o.s.w.c.s.GenericWebApplicationContext   : Refreshing org.springframework.web.context.support.GenericWebApplicationContext@2c7a8af2
[2024-12-04 01:52:40:2243] DEBUG 82001 --- [    Test worker] s.w.s.m.m.a.RequestMappingHandlerMapping : 9 mappings in 'requestMappingHandlerMapping'
[2024-12-04 01:52:40:2593] DEBUG 82001 --- [    Test worker] o.s.w.s.h.SimpleUrlHandlerMapping        : Patterns [/webjars/**, /**, /swagger-ui*/*swagger-initializer.js, /swagger-ui*/**] in 'resourceHandlerMapping'
[2024-12-04 01:52:40:2617] DEBUG 82001 --- [    Test worker] s.w.s.m.m.a.RequestMappingHandlerAdapter : ControllerAdvice beans: 0 @ModelAttribute, 0 @InitBinder, 1 RequestBodyAdvice, 1 ResponseBodyAdvice
[2024-12-04 01:52:40:2637] DEBUG 82001 --- [    Test worker] .m.m.a.ExceptionHandlerExceptionResolver : ControllerAdvice beans: 2 @ExceptionHandler, 1 ResponseBodyAdvice
[2024-12-04 01:52:41:3314] DEBUG 82001 --- [ionShutdownHook] o.s.w.c.s.GenericWebApplicationContext   : Closing org.springframework.web.context.support.GenericWebApplicationContext@2c7a8af2, started on Wed Dec 04 01:52:38 KST 2024
[2024-12-04 01:52:48:10749273] DEBUG 5088 --- [nio-8080-exec-2] o.s.web.servlet.DispatcherServlet        : GET "/swagger-ui/index.html", parameters={}
[2024-12-04 01:52:48:10749275] DEBUG 5088 --- [nio-8080-exec-2] o.s.w.s.h.SimpleUrlHandlerMapping        : Mapped to ResourceHttpRequestHandler [classpath [META-INF/resources/webjars/]]
[2024-12-04 01:52:48:10749277] DEBUG 5088 --- [nio-8080-exec-2] o.s.web.servlet.DispatcherServlet        : Completed 304 NOT_MODIFIED
[2024-12-04 01:52:48:10749296] DEBUG 5088 --- [nio-8080-exec-6] o.s.web.servlet.DispatcherServlet        : GET "/swagger-ui/swagger-initializer.js", parameters={}
[2024-12-04 01:52:48:10749299] DEBUG 5088 --- [nio-8080-exec-6] o.s.w.s.h.SimpleUrlHandlerMapping        : Mapped to ResourceHttpRequestHandler [classpath [META-INF/resources/webjars/]]
[2024-12-04 01:52:48:10749300] DEBUG 5088 --- [nio-8080-exec-6] o.s.web.servlet.DispatcherServlet        : Completed 200 OK
[2024-12-04 01:52:48:10749485] DEBUG 5088 --- [nio-8080-exec-1] o.s.web.servlet.DispatcherServlet        : GET "/v3/api-docs/swagger-config", parameters={}
[2024-12-04 01:52:48:10749486] DEBUG 5088 --- [nio-8080-exec-1] s.w.s.m.m.a.RequestMappingHandlerMapping : Mapped to org.springdoc.webmvc.ui.SwaggerConfigResource#openapiJson(HttpServletRequest)
[2024-12-04 01:52:48:10749486] DEBUG 5088 --- [nio-8080-exec-1] m.m.a.RequestResponseBodyMethodProcessor : Using 'application/json', given [*/*] and supported [application/json]
[2024-12-04 01:52:48:10749486] DEBUG 5088 --- [nio-8080-exec-1] m.m.a.RequestResponseBodyMethodProcessor : Writing [{configUrl=/v3/api-docs/swagger-config, oauth2RedirectUrl=http://localhost:8080/swagger-ui/oauth2-re (truncated)...]
[2024-12-04 01:52:48:10749487] DEBUG 5088 --- [nio-8080-exec-1] o.s.web.servlet.DispatcherServlet        : Completed 200 OK
[2024-12-04 01:52:48:10749528] DEBUG 5088 --- [nio-8080-exec-5] o.s.web.servlet.DispatcherServlet        : GET "/v3/api-docs", parameters={}
[2024-12-04 01:52:48:10749530] DEBUG 5088 --- [nio-8080-exec-5] s.w.s.m.m.a.RequestMappingHandlerMapping : Mapped to org.springdoc.webmvc.api.OpenApiWebMvcResource#openapiJson(HttpServletRequest, String, Locale)
[2024-12-04 01:52:48:10749536] DEBUG 5088 --- [nio-8080-exec-5] m.m.a.RequestResponseBodyMethodProcessor : Using 'application/json', given [application/json, */*] and supported [application/json]
[2024-12-04 01:52:48:10749537] DEBUG 5088 --- [nio-8080-exec-5] m.m.a.RequestResponseBodyMethodProcessor : Writing ["{"openapi":"3.0.1","info":{"title":"Coupon API","description":"쿠폰 서비스","version":"v1.0.0"},"servers" (truncated)..."]
[2024-12-04 01:52:48:10749537] DEBUG 5088 --- [nio-8080-exec-5] o.s.web.servlet.DispatcherServlet        : Completed 200 OK
[2024-12-04 01:53:01:2077] DEBUG 82195 --- [           main] s.w.s.m.m.a.RequestMappingHandlerMapping : 9 mappings in 'requestMappingHandlerMapping'
[2024-12-04 01:53:01:2268] DEBUG 82195 --- [           main] o.s.w.s.h.SimpleUrlHandlerMapping        : Patterns [/webjars/**, /**, /swagger-ui*/*swagger-initializer.js, /swagger-ui*/**] in 'resourceHandlerMapping'
[2024-12-04 01:53:01:2289] DEBUG 82195 --- [           main] s.w.s.m.m.a.RequestMappingHandlerAdapter : ControllerAdvice beans: 0 @ModelAttribute, 0 @InitBinder, 1 RequestBodyAdvice, 1 ResponseBodyAdvice
[2024-12-04 01:53:01:2309] DEBUG 82195 --- [           main] .m.m.a.ExceptionHandlerExceptionResolver : ControllerAdvice beans: 2 @ExceptionHandler, 1 ResponseBodyAdvice
[2024-12-04 01:53:01:2475] INFO  82195 --- [nio-8080-exec-1] o.s.web.servlet.DispatcherServlet        : Initializing Servlet 'dispatcherServlet'
[2024-12-04 01:53:01:2475] DEBUG 82195 --- [nio-8080-exec-1] o.s.web.servlet.DispatcherServlet        : Detected StandardServletMultipartResolver
[2024-12-04 01:53:01:2475] DEBUG 82195 --- [nio-8080-exec-1] o.s.web.servlet.DispatcherServlet        : Detected AcceptHeaderLocaleResolver
[2024-12-04 01:53:01:2475] DEBUG 82195 --- [nio-8080-exec-1] o.s.web.servlet.DispatcherServlet        : Detected FixedThemeResolver
[2024-12-04 01:53:01:2476] DEBUG 82195 --- [nio-8080-exec-1] o.s.web.servlet.DispatcherServlet        : Detected org.springframework.web.servlet.view.DefaultRequestToViewNameTranslator@2b43eb71
[2024-12-04 01:53:01:2476] DEBUG 82195 --- [nio-8080-exec-1] o.s.web.servlet.DispatcherServlet        : Detected org.springframework.web.servlet.support.SessionFlashMapManager@c725dfa
[2024-12-04 01:53:01:2476] DEBUG 82195 --- [nio-8080-exec-1] o.s.web.servlet.DispatcherServlet        : enableLoggingRequestDetails='false': request parameters and headers will be masked to prevent unsafe logging of potentially sensitive data
[2024-12-04 01:53:01:2477] INFO  82195 --- [nio-8080-exec-1] o.s.web.servlet.DispatcherServlet        : Completed initialization in 2 ms
[2024-12-04 01:53:01:2481] DEBUG 82195 --- [nio-8080-exec-1] o.s.web.servlet.DispatcherServlet        : GET "/swagger-ui/index.html", parameters={}
[2024-12-04 01:53:01:2485] DEBUG 82195 --- [nio-8080-exec-1] o.s.w.s.h.SimpleUrlHandlerMapping        : Mapped to ResourceHttpRequestHandler [classpath [META-INF/resources/webjars/]]
[2024-12-04 01:53:01:2495] DEBUG 82195 --- [nio-8080-exec-1] o.s.web.servlet.DispatcherServlet        : Completed 304 NOT_MODIFIED
[2024-12-04 01:53:01:2509] DEBUG 82195 --- [nio-8080-exec-2] o.s.web.servlet.DispatcherServlet        : GET "/swagger-ui/swagger-initializer.js", parameters={}
[2024-12-04 01:53:01:2510] DEBUG 82195 --- [nio-8080-exec-2] o.s.w.s.h.SimpleUrlHandlerMapping        : Mapped to ResourceHttpRequestHandler [classpath [META-INF/resources/webjars/]]
[2024-12-04 01:53:01:2527] DEBUG 82195 --- [nio-8080-exec-2] o.s.web.servlet.DispatcherServlet        : Completed 200 OK
[2024-12-04 01:53:01:2598] DEBUG 82195 --- [nio-8080-exec-3] o.s.web.servlet.DispatcherServlet        : GET "/v3/api-docs/swagger-config", parameters={}
[2024-12-04 01:53:01:2604] DEBUG 82195 --- [nio-8080-exec-3] s.w.s.m.m.a.RequestMappingHandlerMapping : Mapped to org.springdoc.webmvc.ui.SwaggerConfigResource#openapiJson(HttpServletRequest)
[2024-12-04 01:53:01:2621] DEBUG 82195 --- [nio-8080-exec-3] m.m.a.RequestResponseBodyMethodProcessor : Using 'application/json', given [*/*] and supported [application/json]
[2024-12-04 01:53:01:2622] DEBUG 82195 --- [nio-8080-exec-3] m.m.a.RequestResponseBodyMethodProcessor : Writing [{configUrl=/v3/api-docs/swagger-config, oauth2RedirectUrl=http://localhost:8080/swagger-ui/oauth2-re (truncated)...]
[2024-12-04 01:53:01:2626] DEBUG 82195 --- [nio-8080-exec-3] o.s.web.servlet.DispatcherServlet        : Completed 200 OK
[2024-12-04 01:53:01:2642] DEBUG 82195 --- [nio-8080-exec-4] o.s.web.servlet.DispatcherServlet        : GET "/v3/api-docs", parameters={}
[2024-12-04 01:53:01:2643] DEBUG 82195 --- [nio-8080-exec-4] s.w.s.m.m.a.RequestMappingHandlerMapping : Mapped to org.springdoc.webmvc.api.OpenApiWebMvcResource#openapiJson(HttpServletRequest, String, Locale)
[2024-12-04 01:53:02:2801] DEBUG 82195 --- [nio-8080-exec-4] m.m.a.RequestResponseBodyMethodProcessor : Using 'application/json', given [application/json, */*] and supported [application/json]
[2024-12-04 01:53:02:2801] DEBUG 82195 --- [nio-8080-exec-4] m.m.a.RequestResponseBodyMethodProcessor : Writing ["{"openapi":"3.0.1","info":{"title":"Coupon API","description":"쿠폰 서비스","version":"v1.0.0"},"servers" (truncated)..."]
[2024-12-04 01:53:02:2802] DEBUG 82195 --- [nio-8080-exec-4] o.s.web.servlet.DispatcherServlet        : Completed 200 OK
[2024-12-04 01:53:04:5255] DEBUG 82195 --- [nio-8080-exec-5] o.s.web.servlet.DispatcherServlet        : GET "/swagger-ui/index.html", parameters={}
[2024-12-04 01:53:04:5257] DEBUG 82195 --- [nio-8080-exec-5] o.s.w.s.h.SimpleUrlHandlerMapping        : Mapped to ResourceHttpRequestHandler [classpath [META-INF/resources/webjars/]]
[2024-12-04 01:53:04:5260] DEBUG 82195 --- [nio-8080-exec-5] o.s.web.servlet.DispatcherServlet        : Completed 304 NOT_MODIFIED
[2024-12-04 01:53:04:5274] DEBUG 82195 --- [nio-8080-exec-6] o.s.web.servlet.DispatcherServlet        : GET "/swagger-ui/swagger-initializer.js", parameters={}
[2024-12-04 01:53:04:5275] DEBUG 82195 --- [nio-8080-exec-6] o.s.w.s.h.SimpleUrlHandlerMapping        : Mapped to ResourceHttpRequestHandler [classpath [META-INF/resources/webjars/]]
[2024-12-04 01:53:04:5278] DEBUG 82195 --- [nio-8080-exec-6] o.s.web.servlet.DispatcherServlet        : Completed 200 OK
[2024-12-04 01:53:04:5360] DEBUG 82195 --- [nio-8080-exec-7] o.s.web.servlet.DispatcherServlet        : GET "/v3/api-docs/swagger-config", parameters={}
[2024-12-04 01:53:04:5362] DEBUG 82195 --- [nio-8080-exec-7] s.w.s.m.m.a.RequestMappingHandlerMapping : Mapped to org.springdoc.webmvc.ui.SwaggerConfigResource#openapiJson(HttpServletRequest)
[2024-12-04 01:53:04:5363] DEBUG 82195 --- [nio-8080-exec-7] m.m.a.RequestResponseBodyMethodProcessor : Using 'application/json', given [*/*] and supported [application/json]
[2024-12-04 01:53:04:5363] DEBUG 82195 --- [nio-8080-exec-7] m.m.a.RequestResponseBodyMethodProcessor : Writing [{configUrl=/v3/api-docs/swagger-config, oauth2RedirectUrl=http://localhost:8080/swagger-ui/oauth2-re (truncated)...]
[2024-12-04 01:53:04:5364] DEBUG 82195 --- [nio-8080-exec-7] o.s.web.servlet.DispatcherServlet        : Completed 200 OK
[2024-12-04 01:53:04:5380] DEBUG 82195 --- [nio-8080-exec-8] o.s.web.servlet.DispatcherServlet        : GET "/v3/api-docs", parameters={}
[2024-12-04 01:53:04:5380] DEBUG 82195 --- [nio-8080-exec-8] s.w.s.m.m.a.RequestMappingHandlerMapping : Mapped to org.springdoc.webmvc.api.OpenApiWebMvcResource#openapiJson(HttpServletRequest, String, Locale)
[2024-12-04 01:53:04:5389] DEBUG 82195 --- [nio-8080-exec-8] m.m.a.RequestResponseBodyMethodProcessor : Using 'application/json', given [application/json, */*] and supported [application/json]
[2024-12-04 01:53:04:5389] DEBUG 82195 --- [nio-8080-exec-8] m.m.a.RequestResponseBodyMethodProcessor : Writing ["{"openapi":"3.0.1","info":{"title":"Coupon API","description":"쿠폰 서비스","version":"v1.0.0"},"servers" (truncated)..."]
[2024-12-04 01:53:04:5391] DEBUG 82195 --- [nio-8080-exec-8] o.s.web.servlet.DispatcherServlet        : Completed 200 OK
[2024-12-04 01:53:07:7761] DEBUG 82195 --- [nio-8080-exec-9] o.s.web.servlet.DispatcherServlet        : POST "/api/coupon/generate", parameters={}
[2024-12-04 01:53:07:7762] DEBUG 82195 --- [nio-8080-exec-9] s.w.s.m.m.a.RequestMappingHandlerMapping : Mapped to com.wemade.coupon.controller.CouponController#generateCoupon(GenerateCouponRequestDto)
[2024-12-04 01:53:07:7769] DEBUG 82195 --- [nio-8080-exec-9] m.m.a.RequestResponseBodyMethodProcessor : Read "application/json;charset=UTF-8" to [com.wemade.coupon.dto.request.GenerateCouponRequestDto@61710278]
[2024-12-04 01:53:07:7921] DEBUG 82195 --- [nio-8080-exec-9] o.s.w.s.m.m.a.HttpEntityMethodProcessor  : Using 'application/json', given [*/*] and supported [application/json, application/*+json]
[2024-12-04 01:53:07:7922] DEBUG 82195 --- [nio-8080-exec-9] o.s.w.s.m.m.a.HttpEntityMethodProcessor  : Writing [[GenerateCouponResponseDto(id=11, code=Wo5xXlUJfSNdyvnw, topic=CouponTopic(id=2, name=오픈 이벤트 프로모션, c (truncated)...]
[2024-12-04 01:53:07:7923] DEBUG 82195 --- [nio-8080-exec-9] o.s.web.servlet.DispatcherServlet        : Completed 200 OK
[2024-12-04 01:53:21:340] DEBUG 82370 --- [    Test worker] o.s.w.c.s.GenericWebApplicationContext   : Refreshing org.springframework.web.context.support.GenericWebApplicationContext@2c7a8af2
[2024-12-04 01:53:23:2171] DEBUG 82370 --- [    Test worker] s.w.s.m.m.a.RequestMappingHandlerMapping : 9 mappings in 'requestMappingHandlerMapping'
[2024-12-04 01:53:23:2531] DEBUG 82370 --- [    Test worker] o.s.w.s.h.SimpleUrlHandlerMapping        : Patterns [/webjars/**, /**, /swagger-ui*/*swagger-initializer.js, /swagger-ui*/**] in 'resourceHandlerMapping'
[2024-12-04 01:53:23:2556] DEBUG 82370 --- [    Test worker] s.w.s.m.m.a.RequestMappingHandlerAdapter : ControllerAdvice beans: 0 @ModelAttribute, 0 @InitBinder, 1 RequestBodyAdvice, 1 ResponseBodyAdvice
[2024-12-04 01:53:23:2577] DEBUG 82370 --- [    Test worker] .m.m.a.ExceptionHandlerExceptionResolver : ControllerAdvice beans: 2 @ExceptionHandler, 1 ResponseBodyAdvice
[2024-12-04 01:53:24:3288] DEBUG 82370 --- [ionShutdownHook] o.s.w.c.s.GenericWebApplicationContext   : Closing org.springframework.web.context.support.GenericWebApplicationContext@2c7a8af2, started on Wed Dec 04 01:53:21 KST 2024
[2024-12-04 01:54:49:370] DEBUG 83060 --- [    Test worker] o.s.w.c.s.GenericWebApplicationContext   : Refreshing org.springframework.web.context.support.GenericWebApplicationContext@5b22d8a1
[2024-12-04 01:54:50:2197] DEBUG 83060 --- [    Test worker] s.w.s.m.m.a.RequestMappingHandlerMapping : 9 mappings in 'requestMappingHandlerMapping'
[2024-12-04 01:54:51:2624] DEBUG 83060 --- [    Test worker] o.s.w.s.h.SimpleUrlHandlerMapping        : Patterns [/webjars/**, /**, /swagger-ui*/*swagger-initializer.js, /swagger-ui*/**] in 'resourceHandlerMapping'
[2024-12-04 01:54:51:2649] DEBUG 83060 --- [    Test worker] s.w.s.m.m.a.RequestMappingHandlerAdapter : ControllerAdvice beans: 0 @ModelAttribute, 0 @InitBinder, 1 RequestBodyAdvice, 1 ResponseBodyAdvice
[2024-12-04 01:54:51:2670] DEBUG 83060 --- [    Test worker] .m.m.a.ExceptionHandlerExceptionResolver : ControllerAdvice beans: 2 @ExceptionHandler, 1 ResponseBodyAdvice
[2024-12-04 01:54:52:3661] DEBUG 83060 --- [ionShutdownHook] o.s.w.c.s.GenericWebApplicationContext   : Closing org.springframework.web.context.support.GenericWebApplicationContext@5b22d8a1, started on Wed Dec 04 01:54:49 KST 2024
[2024-12-04 02:21:50:399] DEBUG 95966 --- [    Test worker] o.s.w.c.s.GenericWebApplicationContext   : Refreshing org.springframework.web.context.support.GenericWebApplicationContext@2c7a8af2
[2024-12-04 02:21:52:2294] DEBUG 95966 --- [    Test worker] s.w.s.m.m.a.RequestMappingHandlerMapping : 9 mappings in 'requestMappingHandlerMapping'
[2024-12-04 02:21:52:2734] DEBUG 95966 --- [    Test worker] o.s.w.s.h.SimpleUrlHandlerMapping        : Patterns [/webjars/**, /**, /swagger-ui*/*swagger-initializer.js, /swagger-ui*/**] in 'resourceHandlerMapping'
[2024-12-04 02:21:52:2759] DEBUG 95966 --- [    Test worker] s.w.s.m.m.a.RequestMappingHandlerAdapter : ControllerAdvice beans: 0 @ModelAttribute, 0 @InitBinder, 1 RequestBodyAdvice, 1 ResponseBodyAdvice
[2024-12-04 02:21:52:2778] DEBUG 95966 --- [    Test worker] .m.m.a.ExceptionHandlerExceptionResolver : ControllerAdvice beans: 2 @ExceptionHandler, 1 ResponseBodyAdvice
[2024-12-04 02:21:53:3437] DEBUG 95966 --- [ionShutdownHook] o.s.w.c.s.GenericWebApplicationContext   : Closing org.springframework.web.context.support.GenericWebApplicationContext@2c7a8af2, started on Wed Dec 04 02:21:50 KST 2024
[2024-12-04 02:27:42:370] DEBUG 98832 --- [    Test worker] o.s.w.c.s.GenericWebApplicationContext   : Refreshing org.springframework.web.context.support.GenericWebApplicationContext@2c7a8af2
[2024-12-04 02:27:44:2253] DEBUG 98832 --- [    Test worker] s.w.s.m.m.a.RequestMappingHandlerMapping : 9 mappings in 'requestMappingHandlerMapping'
[2024-12-04 02:27:44:2648] DEBUG 98832 --- [    Test worker] o.s.w.s.h.SimpleUrlHandlerMapping        : Patterns [/webjars/**, /**, /swagger-ui*/*swagger-initializer.js, /swagger-ui*/**] in 'resourceHandlerMapping'
[2024-12-04 02:27:44:2672] DEBUG 98832 --- [    Test worker] s.w.s.m.m.a.RequestMappingHandlerAdapter : ControllerAdvice beans: 0 @ModelAttribute, 0 @InitBinder, 1 RequestBodyAdvice, 1 ResponseBodyAdvice
[2024-12-04 02:27:44:2692] DEBUG 98832 --- [    Test worker] .m.m.a.ExceptionHandlerExceptionResolver : ControllerAdvice beans: 2 @ExceptionHandler, 1 ResponseBodyAdvice
[2024-12-04 02:27:45:3339] DEBUG 98832 --- [ionShutdownHook] o.s.w.c.s.GenericWebApplicationContext   : Closing org.springframework.web.context.support.GenericWebApplicationContext@2c7a8af2, started on Wed Dec 04 02:27:42 KST 2024
[2024-12-04 02:28:04:372] DEBUG 99014 --- [    Test worker] o.s.w.c.s.GenericWebApplicationContext   : Refreshing org.springframework.web.context.support.GenericWebApplicationContext@2c7a8af2
[2024-12-04 02:28:06:2260] DEBUG 99014 --- [    Test worker] s.w.s.m.m.a.RequestMappingHandlerMapping : 9 mappings in 'requestMappingHandlerMapping'
[2024-12-04 02:28:06:2663] DEBUG 99014 --- [    Test worker] o.s.w.s.h.SimpleUrlHandlerMapping        : Patterns [/webjars/**, /**, /swagger-ui*/*swagger-initializer.js, /swagger-ui*/**] in 'resourceHandlerMapping'
[2024-12-04 02:28:06:2687] DEBUG 99014 --- [    Test worker] s.w.s.m.m.a.RequestMappingHandlerAdapter : ControllerAdvice beans: 0 @ModelAttribute, 0 @InitBinder, 1 RequestBodyAdvice, 1 ResponseBodyAdvice
[2024-12-04 02:28:06:2705] DEBUG 99014 --- [    Test worker] .m.m.a.ExceptionHandlerExceptionResolver : ControllerAdvice beans: 2 @ExceptionHandler, 1 ResponseBodyAdvice
[2024-12-04 02:28:07:3367] DEBUG 99014 --- [ionShutdownHook] o.s.w.c.s.GenericWebApplicationContext   : Closing org.springframework.web.context.support.GenericWebApplicationContext@2c7a8af2, started on Wed Dec 04 02:28:04 KST 2024
[2024-12-04 02:28:19:379] DEBUG 99107 --- [    Test worker] o.s.w.c.s.GenericWebApplicationContext   : Refreshing org.springframework.web.context.support.GenericWebApplicationContext@2c7a8af2
[2024-12-04 02:28:21:2248] DEBUG 99107 --- [    Test worker] s.w.s.m.m.a.RequestMappingHandlerMapping : 9 mappings in 'requestMappingHandlerMapping'
[2024-12-04 02:28:21:2633] DEBUG 99107 --- [    Test worker] o.s.w.s.h.SimpleUrlHandlerMapping        : Patterns [/webjars/**, /**, /swagger-ui*/*swagger-initializer.js, /swagger-ui*/**] in 'resourceHandlerMapping'
[2024-12-04 02:28:21:2658] DEBUG 99107 --- [    Test worker] s.w.s.m.m.a.RequestMappingHandlerAdapter : ControllerAdvice beans: 0 @ModelAttribute, 0 @InitBinder, 1 RequestBodyAdvice, 1 ResponseBodyAdvice
[2024-12-04 02:28:21:2678] DEBUG 99107 --- [    Test worker] .m.m.a.ExceptionHandlerExceptionResolver : ControllerAdvice beans: 2 @ExceptionHandler, 1 ResponseBodyAdvice
[2024-12-04 02:28:22:3345] DEBUG 99107 --- [ionShutdownHook] o.s.w.c.s.GenericWebApplicationContext   : Closing org.springframework.web.context.support.GenericWebApplicationContext@2c7a8af2, started on Wed Dec 04 02:28:19 KST 2024
[2024-12-04 02:31:19:379] DEBUG 1060 --- [    Test worker] o.s.w.c.s.GenericWebApplicationContext   : Refreshing org.springframework.web.context.support.GenericWebApplicationContext@2c7a8af2
[2024-12-04 02:31:21:2267] DEBUG 1060 --- [    Test worker] s.w.s.m.m.a.RequestMappingHandlerMapping : 9 mappings in 'requestMappingHandlerMapping'
[2024-12-04 02:31:22:2678] DEBUG 1060 --- [    Test worker] o.s.w.s.h.SimpleUrlHandlerMapping        : Patterns [/webjars/**, /**, /swagger-ui*/*swagger-initializer.js, /swagger-ui*/**] in 'resourceHandlerMapping'
[2024-12-04 02:31:22:2702] DEBUG 1060 --- [    Test worker] s.w.s.m.m.a.RequestMappingHandlerAdapter : ControllerAdvice beans: 0 @ModelAttribute, 0 @InitBinder, 1 RequestBodyAdvice, 1 ResponseBodyAdvice
[2024-12-04 02:31:22:2724] DEBUG 1060 --- [    Test worker] .m.m.a.ExceptionHandlerExceptionResolver : ControllerAdvice beans: 2 @ExceptionHandler, 1 ResponseBodyAdvice
[2024-12-04 02:31:23:3398] DEBUG 1060 --- [ionShutdownHook] o.s.w.c.s.GenericWebApplicationContext   : Closing org.springframework.web.context.support.GenericWebApplicationContext@2c7a8af2, started on Wed Dec 04 02:31:19 KST 2024
[2024-12-04 02:33:14:377] DEBUG 2053 --- [    Test worker] o.s.w.c.s.GenericWebApplicationContext   : Refreshing org.springframework.web.context.support.GenericWebApplicationContext@4beabeec
[2024-12-04 02:33:16:2249] DEBUG 2053 --- [    Test worker] s.w.s.m.m.a.RequestMappingHandlerMapping : 9 mappings in 'requestMappingHandlerMapping'
[2024-12-04 02:33:16:2659] DEBUG 2053 --- [    Test worker] o.s.w.s.h.SimpleUrlHandlerMapping        : Patterns [/webjars/**, /**, /swagger-ui*/*swagger-initializer.js, /swagger-ui*/**] in 'resourceHandlerMapping'
[2024-12-04 02:33:16:2682] DEBUG 2053 --- [    Test worker] s.w.s.m.m.a.RequestMappingHandlerAdapter : ControllerAdvice beans: 0 @ModelAttribute, 0 @InitBinder, 1 RequestBodyAdvice, 1 ResponseBodyAdvice
[2024-12-04 02:33:16:2701] DEBUG 2053 --- [    Test worker] .m.m.a.ExceptionHandlerExceptionResolver : ControllerAdvice beans: 2 @ExceptionHandler, 1 ResponseBodyAdvice
[2024-12-04 02:33:17:3708] DEBUG 2053 --- [ionShutdownHook] o.s.w.c.s.GenericWebApplicationContext   : Closing org.springframework.web.context.support.GenericWebApplicationContext@4beabeec, started on Wed Dec 04 02:33:14 KST 2024
